2026-05-16 10:26:55 [INFO] [restartedMain] c.e.u.p.PropaymentApplication - Starting PropaymentApplication using Java 24.0.2 with PID 21456 (E:\William\event\propayment\build\classes\java\main started by ruyk1 in E:\William\event\propayment)
2026-05-16 10:26:55 [INFO] [restartedMain] c.e.u.p.PropaymentApplication - The following 1 profile is active: "dev"
2026-05-16 10:26:55 [INFO] [restartedMain] o.s.b.d.e.DevToolsPropertyDefaultsPostProcessor - Devtools property defaults active! Set 'spring.devtools.add-properties' to 'false' to disable
2026-05-16 10:26:55 [INFO] [restartedMain] o.s.b.d.e.DevToolsPropertyDefaultsPostProcessor - For additional web related logging consider setting the 'logging.level.web' property to 'DEBUG'
2026-05-16 10:26:55 [INFO] [restartedMain] o.s.b.d.c.l.DockerComposeLifecycleManager - Using Docker Compose file E:\William\event\propayment\compose.yaml
2026-05-16 10:26:58 [INFO] [OutputReader-stderr] o.s.b.docker.compose.core.DockerCli -  Container payment_service_db  Starting
2026-05-16 10:26:59 [INFO] [OutputReader-stderr] o.s.b.docker.compose.core.DockerCli -  Container payment_service_db  Started
2026-05-16 10:26:59 [INFO] [OutputReader-stderr] o.s.b.docker.compose.core.DockerCli -  Container payment_service_db  Waiting
2026-05-16 10:27:00 [INFO] [OutputReader-stderr] o.s.b.docker.compose.core.DockerCli -  Container payment_service_db  Healthy
2026-05-16 10:27:02 [INFO] [restartedMain] o.s.d.r.c.RepositoryConfigurationDelegate - Bootstrapping Spring Data JPA repositories in DEFAULT mode.
2026-05-16 10:27:02 [INFO] [restartedMain] o.s.d.r.c.RepositoryConfigurationDelegate - Finished Spring Data repository scanning in 147 ms. Found 2 JPA repository interfaces.
2026-05-16 10:27:04 [INFO] [restartedMain] o.s.boot.tomcat.TomcatWebServer - Tomcat initialized with port 7021 (http)
2026-05-16 10:27:04 [INFO] [restartedMain] o.a.coyote.http11.Http11NioProtocol - Initializing ProtocolHandler ["http-nio-7021"]
2026-05-16 10:27:04 [INFO] [restartedMain] o.a.catalina.core.StandardService - Starting service [Tomcat]
2026-05-16 10:27:04 [INFO] [restartedMain] o.a.catalina.core.StandardEngine - Starting Servlet engine: [Apache Tomcat/11.0.21]
2026-05-16 10:27:04 [INFO] [restartedMain] o.s.b.w.c.s.WebApplicationContextInitializer - Root WebApplicationContext: initialization completed in 3507 ms
2026-05-16 10:27:04 [INFO] [restartedMain] org.hibernate.orm.jpa - HHH008540: Processing PersistenceUnitInfo [name: default]
2026-05-16 10:27:05 [INFO] [restartedMain] org.hibernate.orm.core - HHH000001: Hibernate ORM core version 7.2.12.Final
2026-05-16 10:27:06 [INFO] [restartedMain] o.s.o.j.p.SpringPersistenceUnitInfo - No LoadTimeWeaver setup: ignoring JPA class transformer
2026-05-16 10:27:06 [INFO] [restartedMain] com.zaxxer.hikari.HikariDataSource - HikariPool-1 - Starting...
2026-05-16 10:27:06 [INFO] [restartedMain] com.zaxxer.hikari.pool.HikariPool - HikariPool-1 - Added connection org.postgresql.jdbc.PgConnection@3bdae8f4
2026-05-16 10:27:06 [INFO] [restartedMain] com.zaxxer.hikari.HikariDataSource - HikariPool-1 - Start completed.
2026-05-16 10:27:07 [INFO] [restartedMain] o.hibernate.orm.connections.pooling - HHH10001005: Database info:
	Database JDBC URL [jdbc:postgresql://127.0.0.1:5251/payment_service_db?ApplicationName=propayment]
	Database driver: PostgreSQL JDBC Driver
	Database dialect: PostgreSQLDialect
	Database version: 16.13
	Default catalog/schema: payment_service_db/public
	Autocommit mode: undefined/unknown
	Isolation level: READ_COMMITTED [default READ_COMMITTED]
	JDBC fetch size: none
	Pool: DataSourceConnectionProvider
	Minimum pool size: undefined/unknown
	Maximum pool size: undefined/unknown
2026-05-16 10:27:09 [INFO] [restartedMain] org.hibernate.orm.core - HHH000489: No JTA platform available (set 'hibernate.transaction.jta.platform' to enable JTA platform integration)
2026-05-16 10:27:09 [INFO] [restartedMain] o.s.o.j.LocalContainerEntityManagerFactoryBean - Initialized JPA EntityManagerFactory for persistence unit 'default'
2026-05-16 10:27:10 [INFO] [restartedMain] o.s.d.j.r.q.QueryEnhancerFactories - Hibernate is in classpath; If applicable, HQL parser will be used.
2026-05-16 10:27:11 [WARN] [restartedMain] o.s.b.j.a.JpaBaseConfiguration$JpaWebConfiguration - spring.jpa.open-in-view is enabled by default. Therefore, database queries may be performed during view rendering. Explicitly configure spring.jpa.open-in-view to disable this warning
2026-05-16 10:27:12 [INFO] [restartedMain] o.a.coyote.http11.Http11NioProtocol - Starting ProtocolHandler ["http-nio-7021"]
2026-05-16 10:27:12 [INFO] [restartedMain] o.s.boot.tomcat.TomcatWebServer - Tomcat started on port 7021 (http) with context path '/payment/api'
2026-05-16 10:27:12 [INFO] [restartedMain] c.e.u.p.PropaymentApplication - Started PropaymentApplication in 17.43 seconds (process running for 18.073)
2026-05-16 10:32:12 [INFO] [http-nio-7021-exec-1] o.a.c.c.C.[.[.[/payment/api] - Initializing Spring DispatcherServlet 'dispatcherServlet'
2026-05-16 10:32:12 [INFO] [http-nio-7021-exec-1] o.s.web.servlet.DispatcherServlet - Initializing Servlet 'dispatcherServlet'
2026-05-16 10:32:12 [INFO] [http-nio-7021-exec-1] o.s.web.servlet.DispatcherServlet - Completed initialization in 1 ms
2026-05-16 10:32:16 [INFO] [http-nio-7021-exec-3] c.e.u.p.d.service.PaymentService - === Inicio de solicitud de pago ===
2026-05-16 10:32:16 [INFO] [http-nio-7021-exec-3] c.e.u.p.d.service.PaymentService - Buscando empresa para API key...
2026-05-16 10:32:16 [INFO] [http-nio-7021-exec-3] c.e.u.p.d.service.PaymentService - Empresa identificada: Compañia pingola
2026-05-16 10:32:16 [INFO] [http-nio-7021-exec-3] c.e.u.p.d.service.PaymentService - Pago registrado con ID: 1 — estado inicial: PENDING
2026-05-16 10:32:16 [INFO] [http-nio-7021-exec-3] c.e.u.p.d.service.PaymentService - Envío de pago a autorización externa
2026-05-16 10:32:16 [INFO] [http-nio-7021-exec-3] c.e.u.p.d.service.PaymentService - Pago ID: 1 — resultado final: REJECTED
2026-05-16 10:32:16 [INFO] [http-nio-7021-exec-3] c.e.u.p.d.service.PaymentService - === Fin de solicitud de pago ===
2026-05-16 10:32:23 [INFO] [http-nio-7021-exec-4] c.e.u.p.d.service.PaymentService - === Inicio de solicitud de pago ===
2026-05-16 10:32:23 [INFO] [http-nio-7021-exec-4] c.e.u.p.d.service.PaymentService - Buscando empresa para API key...
2026-05-16 10:32:23 [INFO] [http-nio-7021-exec-4] c.e.u.p.d.service.PaymentService - Empresa identificada: Compañia pingola
2026-05-16 10:32:23 [INFO] [http-nio-7021-exec-4] c.e.u.p.d.service.PaymentService - Pago registrado con ID: 2 — estado inicial: PENDING
2026-05-16 10:32:23 [INFO] [http-nio-7021-exec-4] c.e.u.p.d.service.PaymentService - Envío de pago a autorización externa
2026-05-16 10:32:23 [INFO] [http-nio-7021-exec-4] c.e.u.p.d.service.PaymentService - Pago ID: 2 — resultado final: APPROVED
2026-05-16 10:32:23 [INFO] [http-nio-7021-exec-4] c.e.u.p.d.service.PaymentService - === Fin de solicitud de pago ===
2026-05-16 10:48:39 [INFO] [restartedMain] c.e.u.p.PropaymentApplication - Starting PropaymentApplication using Java 24.0.2 with PID 8996 (E:\William\event\propayment\build\classes\java\main started by ruyk1 in E:\William\event\propayment)
2026-05-16 10:48:39 [INFO] [restartedMain] c.e.u.p.PropaymentApplication - The following 1 profile is active: "dev"
2026-05-16 10:48:39 [INFO] [restartedMain] o.s.b.d.e.DevToolsPropertyDefaultsPostProcessor - Devtools property defaults active! Set 'spring.devtools.add-properties' to 'false' to disable
2026-05-16 10:48:39 [INFO] [restartedMain] o.s.b.d.e.DevToolsPropertyDefaultsPostProcessor - For additional web related logging consider setting the 'logging.level.web' property to 'DEBUG'
2026-05-16 10:48:39 [INFO] [restartedMain] o.s.b.d.c.l.DockerComposeLifecycleManager - Using Docker Compose file E:\William\event\propayment\compose.yaml
2026-05-16 10:48:40 [INFO] [restartedMain] o.s.b.d.c.l.DockerComposeLifecycleManager - There are already Docker Compose services running, skipping startup
2026-05-16 10:48:41 [INFO] [restartedMain] o.s.d.r.c.RepositoryConfigurationDelegate - Bootstrapping Spring Data JPA repositories in DEFAULT mode.
2026-05-16 10:48:41 [INFO] [restartedMain] o.s.d.r.c.RepositoryConfigurationDelegate - Finished Spring Data repository scanning in 85 ms. Found 2 JPA repository interfaces.
2026-05-16 10:48:42 [INFO] [restartedMain] o.s.boot.tomcat.TomcatWebServer - Tomcat initialized with port 7021 (http)
2026-05-16 10:48:42 [INFO] [restartedMain] o.a.coyote.http11.Http11NioProtocol - Initializing ProtocolHandler ["http-nio-7021"]
2026-05-16 10:48:42 [INFO] [restartedMain] o.a.catalina.core.StandardService - Starting service [Tomcat]
2026-05-16 10:48:42 [INFO] [restartedMain] o.a.catalina.core.StandardEngine - Starting Servlet engine: [Apache Tomcat/11.0.21]
2026-05-16 10:48:42 [INFO] [restartedMain] o.s.b.w.c.s.WebApplicationContextInitializer - Root WebApplicationContext: initialization completed in 1950 ms
2026-05-16 10:48:42 [INFO] [restartedMain] org.hibernate.orm.jpa - HHH008540: Processing PersistenceUnitInfo [name: default]
2026-05-16 10:48:43 [INFO] [restartedMain] org.hibernate.orm.core - HHH000001: Hibernate ORM core version 7.2.12.Final
2026-05-16 10:48:43 [INFO] [restartedMain] o.s.o.j.p.SpringPersistenceUnitInfo - No LoadTimeWeaver setup: ignoring JPA class transformer
2026-05-16 10:48:43 [INFO] [restartedMain] com.zaxxer.hikari.HikariDataSource - HikariPool-1 - Starting...
2026-05-16 10:48:43 [INFO] [restartedMain] com.zaxxer.hikari.pool.HikariPool - HikariPool-1 - Added connection org.postgresql.jdbc.PgConnection@4aa882d7
2026-05-16 10:48:43 [INFO] [restartedMain] com.zaxxer.hikari.HikariDataSource - HikariPool-1 - Start completed.
2026-05-16 10:48:44 [INFO] [restartedMain] o.hibernate.orm.connections.pooling - HHH10001005: Database info:
	Database JDBC URL [jdbc:postgresql://127.0.0.1:5251/payment_service_db?ApplicationName=propayment]
	Database driver: PostgreSQL JDBC Driver
	Database dialect: PostgreSQLDialect
	Database version: 16.13
	Default catalog/schema: payment_service_db/public
	Autocommit mode: undefined/unknown
	Isolation level: READ_COMMITTED [default READ_COMMITTED]
	JDBC fetch size: none
	Pool: DataSourceConnectionProvider
	Minimum pool size: undefined/unknown
	Maximum pool size: undefined/unknown
2026-05-16 10:48:45 [INFO] [restartedMain] org.hibernate.orm.core - HHH000489: No JTA platform available (set 'hibernate.transaction.jta.platform' to enable JTA platform integration)
2026-05-16 10:48:45 [INFO] [restartedMain] o.s.o.j.LocalContainerEntityManagerFactoryBean - Initialized JPA EntityManagerFactory for persistence unit 'default'
2026-05-16 10:48:45 [INFO] [restartedMain] o.s.d.j.r.q.QueryEnhancerFactories - Hibernate is in classpath; If applicable, HQL parser will be used.
2026-05-16 10:48:45 [WARN] [restartedMain] o.s.b.j.a.JpaBaseConfiguration$JpaWebConfiguration - spring.jpa.open-in-view is enabled by default. Therefore, database queries may be performed during view rendering. Explicitly configure spring.jpa.open-in-view to disable this warning
2026-05-16 10:48:46 [INFO] [restartedMain] o.a.coyote.http11.Http11NioProtocol - Starting ProtocolHandler ["http-nio-7021"]
2026-05-16 10:48:46 [INFO] [restartedMain] o.s.boot.tomcat.TomcatWebServer - Tomcat started on port 7021 (http) with context path '/payment/api'
2026-05-16 10:48:46 [INFO] [restartedMain] c.e.u.p.PropaymentApplication - Started PropaymentApplication in 7.716 seconds (process running for 8.295)
2026-05-16 10:49:35 [INFO] [http-nio-7021-exec-1] o.a.c.c.C.[.[.[/payment/api] - Initializing Spring DispatcherServlet 'dispatcherServlet'
2026-05-16 10:49:35 [INFO] [http-nio-7021-exec-1] o.s.web.servlet.DispatcherServlet - Initializing Servlet 'dispatcherServlet'
2026-05-16 10:49:35 [INFO] [http-nio-7021-exec-1] o.s.web.servlet.DispatcherServlet - Completed initialization in 2 ms
2026-05-16 10:49:58 [INFO] [restartedMain] c.e.u.p.PropaymentApplication - Starting PropaymentApplication using Java 24.0.2 with PID 18360 (E:\William\event\propayment\build\classes\java\main started by ruyk1 in E:\William\event\propayment)
2026-05-16 10:49:58 [INFO] [restartedMain] c.e.u.p.PropaymentApplication - The following 1 profile is active: "dev"
2026-05-16 10:49:59 [INFO] [restartedMain] o.s.b.d.e.DevToolsPropertyDefaultsPostProcessor - Devtools property defaults active! Set 'spring.devtools.add-properties' to 'false' to disable
2026-05-16 10:49:59 [INFO] [restartedMain] o.s.b.d.e.DevToolsPropertyDefaultsPostProcessor - For additional web related logging consider setting the 'logging.level.web' property to 'DEBUG'
2026-05-16 10:49:59 [INFO] [restartedMain] o.s.b.d.c.l.DockerComposeLifecycleManager - Using Docker Compose file E:\William\event\propayment\compose.yaml
2026-05-16 10:50:00 [INFO] [restartedMain] o.s.b.d.c.l.DockerComposeLifecycleManager - There are already Docker Compose services running, skipping startup
2026-05-16 10:50:01 [INFO] [restartedMain] o.s.d.r.c.RepositoryConfigurationDelegate - Bootstrapping Spring Data JPA repositories in DEFAULT mode.
2026-05-16 10:50:01 [INFO] [restartedMain] o.s.d.r.c.RepositoryConfigurationDelegate - Finished Spring Data repository scanning in 60 ms. Found 2 JPA repository interfaces.
2026-05-16 10:50:01 [INFO] [restartedMain] o.s.boot.tomcat.TomcatWebServer - Tomcat initialized with port 7021 (http)
2026-05-16 10:50:01 [INFO] [restartedMain] o.a.coyote.http11.Http11NioProtocol - Initializing ProtocolHandler ["http-nio-7021"]
2026-05-16 10:50:01 [INFO] [restartedMain] o.a.catalina.core.StandardService - Starting service [Tomcat]
2026-05-16 10:50:01 [INFO] [restartedMain] o.a.catalina.core.StandardEngine - Starting Servlet engine: [Apache Tomcat/11.0.21]
2026-05-16 10:50:01 [INFO] [restartedMain] o.s.b.w.c.s.WebApplicationContextInitializer - Root WebApplicationContext: initialization completed in 1702 ms
2026-05-16 10:50:02 [INFO] [restartedMain] org.hibernate.orm.jpa - HHH008540: Processing PersistenceUnitInfo [name: default]
2026-05-16 10:50:02 [INFO] [restartedMain] org.hibernate.orm.core - HHH000001: Hibernate ORM core version 7.2.12.Final
2026-05-16 10:50:03 [INFO] [restartedMain] o.s.o.j.p.SpringPersistenceUnitInfo - No LoadTimeWeaver setup: ignoring JPA class transformer
2026-05-16 10:50:03 [INFO] [restartedMain] com.zaxxer.hikari.HikariDataSource - HikariPool-1 - Starting...
2026-05-16 10:50:03 [INFO] [restartedMain] com.zaxxer.hikari.pool.HikariPool - HikariPool-1 - Added connection org.postgresql.jdbc.PgConnection@24f2ec4a
2026-05-16 10:50:03 [INFO] [restartedMain] com.zaxxer.hikari.HikariDataSource - HikariPool-1 - Start completed.
2026-05-16 10:50:03 [INFO] [restartedMain] o.hibernate.orm.connections.pooling - HHH10001005: Database info:
	Database JDBC URL [jdbc:postgresql://127.0.0.1:5251/payment_service_db?ApplicationName=propayment]
	Database driver: PostgreSQL JDBC Driver
	Database dialect: PostgreSQLDialect
	Database version: 16.13
	Default catalog/schema: payment_service_db/public
	Autocommit mode: undefined/unknown
	Isolation level: READ_COMMITTED [default READ_COMMITTED]
	JDBC fetch size: none
	Pool: DataSourceConnectionProvider
	Minimum pool size: undefined/unknown
	Maximum pool size: undefined/unknown
2026-05-16 10:50:04 [INFO] [restartedMain] org.hibernate.orm.core - HHH000489: No JTA platform available (set 'hibernate.transaction.jta.platform' to enable JTA platform integration)
2026-05-16 10:50:05 [INFO] [restartedMain] o.s.o.j.LocalContainerEntityManagerFactoryBean - Initialized JPA EntityManagerFactory for persistence unit 'default'
2026-05-16 10:50:05 [INFO] [restartedMain] o.s.d.j.r.q.QueryEnhancerFactories - Hibernate is in classpath; If applicable, HQL parser will be used.
2026-05-16 10:50:05 [WARN] [restartedMain] o.s.b.j.a.JpaBaseConfiguration$JpaWebConfiguration - spring.jpa.open-in-view is enabled by default. Therefore, database queries may be performed during view rendering. Explicitly configure spring.jpa.open-in-view to disable this warning
2026-05-16 10:50:05 [INFO] [restartedMain] o.a.coyote.http11.Http11NioProtocol - Starting ProtocolHandler ["http-nio-7021"]
2026-05-16 10:50:05 [INFO] [restartedMain] o.s.boot.tomcat.TomcatWebServer - Tomcat started on port 7021 (http) with context path '/payment/api'
2026-05-16 10:50:05 [INFO] [restartedMain] c.e.u.p.PropaymentApplication - Started PropaymentApplication in 7.471 seconds (process running for 8.059)
2026-05-16 10:50:21 [INFO] [http-nio-7021-exec-2] o.a.c.c.C.[.[.[/payment/api] - Initializing Spring DispatcherServlet 'dispatcherServlet'
2026-05-16 10:50:21 [INFO] [http-nio-7021-exec-2] o.s.web.servlet.DispatcherServlet - Initializing Servlet 'dispatcherServlet'
2026-05-16 10:50:21 [INFO] [http-nio-7021-exec-2] o.s.web.servlet.DispatcherServlet - Completed initialization in 1 ms
2026-05-16 10:50:21 [INFO] [http-nio-7021-exec-2] c.e.u.p.d.service.PaymentService - === Inicio de solicitud de pago ===
2026-05-16 10:50:21 [INFO] [http-nio-7021-exec-2] c.e.u.p.d.service.PaymentService - Buscando empresa para API key...
2026-05-16 10:50:22 [ERROR] [http-nio-7021-exec-2] c.e.u.p.d.service.PaymentService - Empresa no encontrada para API el key
2026-05-16 10:50:22 [ERROR] [http-nio-7021-exec-2] o.a.c.c.C.[.[.[.[dispatcherServlet] - Servlet.service() for servlet [dispatcherServlet] in context with path [/payment/api] threw exception [Request processing failed: org.springframework.dao.DataIntegrityViolationException: not-null property references a null or transient value for entity co.edu.uptc.propayment.persistence.entities.Payment.company] with root cause
org.hibernate.PropertyValueException: not-null property references a null or transient value for entity co.edu.uptc.propayment.persistence.entities.Payment.company
	at org.hibernate.engine.internal.Nullability.checkNullability(Nullability.java:120)
	at org.hibernate.action.internal.AbstractEntityInsertAction.nullifyTransientReferencesIfNotAlready(AbstractEntityInsertAction.java:120)
	at org.hibernate.action.internal.EntityIdentityInsertAction.execute(EntityIdentityInsertAction.java:67)
	at org.hibernate.engine.spi.ActionQueue.execute(ActionQueue.java:667)
	at org.hibernate.engine.spi.ActionQueue.addResolvedEntityInsertAction(ActionQueue.java:291)
	at org.hibernate.engine.spi.ActionQueue.addInsertAction(ActionQueue.java:270)
	at org.hibernate.engine.spi.ActionQueue.addAction(ActionQueue.java:322)
	at org.hibernate.event.internal.AbstractSaveEventListener.addInsertAction(AbstractSaveEventListener.java:371)
	at org.hibernate.event.internal.AbstractSaveEventListener.performSaveOrReplicate(AbstractSaveEventListener.java:285)
	at org.hibernate.event.internal.AbstractSaveEventListener.performSave(AbstractSaveEventListener.java:215)
	at org.hibernate.event.internal.AbstractSaveEventListener.saveWithGeneratedId(AbstractSaveEventListener.java:133)
	at org.hibernate.event.internal.DefaultPersistEventListener.entityIsTransient(DefaultPersistEventListener.java:144)
	at org.hibernate.event.internal.DefaultPersistEventListener.persist(DefaultPersistEventListener.java:90)
	at org.hibernate.event.internal.DefaultPersistEventListener.onPersist(DefaultPersistEventListener.java:74)
	at org.hibernate.event.internal.DefaultPersistEventListener.onPersist(DefaultPersistEventListener.java:50)
	at org.hibernate.event.service.internal.EventListenerGroupImpl.fireEventOnEachListener(EventListenerGroupImpl.java:138)
	at org.hibernate.internal.SessionImpl.firePersist(SessionImpl.java:692)
	at org.hibernate.internal.SessionImpl.persist(SessionImpl.java:675)
	at java.base/jdk.internal.reflect.DirectMethodHandleAccessor.invoke(DirectMethodHandleAccessor.java:104)
	at java.base/java.lang.reflect.Method.invoke(Method.java:565)
	at org.springframework.orm.jpa.ExtendedEntityManagerCreator$ExtendedEntityManagerInvocationHandler.invoke(ExtendedEntityManagerCreator.java:362)
	at jdk.proxy4/jdk.proxy4.$Proxy128.persist(Unknown Source)
	at java.base/jdk.internal.reflect.DirectMethodHandleAccessor.invoke(DirectMethodHandleAccessor.java:104)
	at java.base/java.lang.reflect.Method.invoke(Method.java:565)
	at org.springframework.orm.jpa.SharedEntityManagerCreator$SharedEntityHandlerInvocationHandler.invokeMethod(SharedEntityManagerCreator.java:240)
	at org.springframework.orm.jpa.SharedEntityManagerCreator$SharedEntityManagerInvocationHandler.invoke(SharedEntityManagerCreator.java:386)
	at jdk.proxy4/jdk.proxy4.$Proxy128.persist(Unknown Source)
	at org.springframework.data.jpa.repository.support.SimpleJpaRepository.save(SimpleJpaRepository.java:664)
	at java.base/jdk.internal.reflect.DirectMethodHandleAccessor.invoke(DirectMethodHandleAccessor.java:104)
	at java.base/java.lang.reflect.Method.invoke(Method.java:565)
	at org.springframework.aop.support.AopUtils.invokeJoinpointUsingReflection(AopUtils.java:359)
	at org.springframework.data.repository.core.support.RepositoryMethodInvoker$RepositoryFragmentMethodInvoker.lambda$new$0(RepositoryMethodInvoker.java:278)
	at org.springframework.data.repository.core.support.RepositoryMethodInvoker.doInvoke(RepositoryMethodInvoker.java:169)
	at org.springframework.data.repository.core.support.RepositoryMethodInvoker.invoke(RepositoryMethodInvoker.java:158)
	at org.springframework.data.repository.core.support.RepositoryComposition$RepositoryFragments.invoke(RepositoryComposition.java:545)
	at org.springframework.data.repository.core.support.RepositoryComposition.invoke(RepositoryComposition.java:290)
	at org.springframework.data.repository.core.support.RepositoryFactorySupport$ImplementationMethodExecutionInterceptor.invoke(RepositoryFactorySupport.java:690)
	at org.springframework.aop.framework.ReflectiveMethodInvocation.proceed(ReflectiveMethodInvocation.java:179)
	at org.springframework.data.repository.core.support.QueryExecutorMethodInterceptor.doInvoke(QueryExecutorMethodInterceptor.java:171)
	at org.springframework.data.repository.core.support.QueryExecutorMethodInterceptor.invoke(QueryExecutorMethodInterceptor.java:146)
	at org.springframework.aop.framework.ReflectiveMethodInvocation.proceed(ReflectiveMethodInvocation.java:179)
	at org.springframework.data.projection.DefaultMethodInvokingMethodInterceptor.invoke(DefaultMethodInvokingMethodInterceptor.java:69)
	at org.springframework.aop.framework.ReflectiveMethodInvocation.proceed(ReflectiveMethodInvocation.java:179)
	at org.springframework.transaction.interceptor.TransactionInterceptor$1.proceedWithInvocation(TransactionInterceptor.java:133)
	at org.springframework.transaction.interceptor.TransactionAspectSupport.invokeWithinTransaction(TransactionAspectSupport.java:371)
	at org.springframework.transaction.interceptor.TransactionInterceptor.invoke(TransactionInterceptor.java:130)
	at org.springframework.aop.framework.ReflectiveMethodInvocation.proceed(ReflectiveMethodInvocation.java:179)
	at org.springframework.dao.support.PersistenceExceptionTranslationInterceptor.invoke(PersistenceExceptionTranslationInterceptor.java:135)
	at org.springframework.aop.framework.ReflectiveMethodInvocation.proceed(ReflectiveMethodInvocation.java:179)
	at org.springframework.data.jpa.repository.support.CrudMethodMetadataPostProcessor$CrudMethodMetadataPopulatingMethodInterceptor.invoke(CrudMethodMetadataPostProcessor.java:166)
	at org.springframework.aop.framework.ReflectiveMethodInvocation.proceed(ReflectiveMethodInvocation.java:179)
	at org.springframework.aop.framework.JdkDynamicAopProxy.invoke(JdkDynamicAopProxy.java:222)
	at jdk.proxy4/jdk.proxy4.$Proxy135.save(Unknown Source)
	at co.edu.uptc.propayment.domain.service.PaymentService.build(PaymentService.java:61)
	at co.edu.uptc.propayment.web.controller.PaymentController.processPayment(PaymentController.java:25)
	at java.base/jdk.internal.reflect.DirectMethodHandleAccessor.invoke(DirectMethodHandleAccessor.java:104)
	at java.base/java.lang.reflect.Method.invoke(Method.java:565)
	at org.springframework.web.method.support.InvocableHandlerMethod.doInvoke(InvocableHandlerMethod.java:252)
	at org.springframework.web.method.support.InvocableHandlerMethod.invokeForRequest(InvocableHandlerMethod.java:184)
	at org.springframework.web.servlet.mvc.method.annotation.ServletInvocableHandlerMethod.invokeAndHandle(ServletInvocableHandlerMethod.java:117)
	at org.springframework.web.servlet.mvc.method.annotation.RequestMappingHandlerAdapter.invokeHandlerMethod(RequestMappingHandlerAdapter.java:934)
	at org.springframework.web.servlet.mvc.method.annotation.RequestMappingHandlerAdapter.handleInternal(RequestMappingHandlerAdapter.java:853)
	at org.springframework.web.servlet.mvc.method.AbstractHandlerMethodAdapter.handle(AbstractHandlerMethodAdapter.java:86)
	at org.springframework.web.servlet.DispatcherServlet.doDispatch(DispatcherServlet.java:963)
	at org.springframework.web.servlet.DispatcherServlet.doService(DispatcherServlet.java:866)
	at org.springframework.web.servlet.FrameworkServlet.processRequest(FrameworkServlet.java:1000)
	at org.springframework.web.servlet.FrameworkServlet.doPost(FrameworkServlet.java:903)
	at jakarta.servlet.http.HttpServlet.service(HttpServlet.java:649)
	at org.springframework.web.servlet.FrameworkServlet.service(FrameworkServlet.java:874)
	at jakarta.servlet.http.HttpServlet.service(HttpServlet.java:710)
	at org.apache.catalina.core.ApplicationFilterChain.doFilter(ApplicationFilterChain.java:128)
	at org.apache.tomcat.websocket.server.WsFilter.doFilter(WsFilter.java:53)
	at org.apache.catalina.core.ApplicationFilterChain.doFilter(ApplicationFilterChain.java:107)
	at org.springframework.web.filter.RequestContextFilter.doFilterInternal(RequestContextFilter.java:100)
	at org.springframework.web.filter.OncePerRequestFilter.doFilter(OncePerRequestFilter.java:116)
	at org.apache.catalina.core.ApplicationFilterChain.doFilter(ApplicationFilterChain.java:107)
	at org.springframework.web.filter.FormContentFilter.doFilterInternal(FormContentFilter.java:93)
	at org.springframework.web.filter.OncePerRequestFilter.doFilter(OncePerRequestFilter.java:116)
	at org.apache.catalina.core.ApplicationFilterChain.doFilter(ApplicationFilterChain.java:107)
	at org.springframework.web.filter.CharacterEncodingFilter.doFilterInternal(CharacterEncodingFilter.java:199)
	at org.springframework.web.filter.OncePerRequestFilter.doFilter(OncePerRequestFilter.java:116)
	at org.apache.catalina.core.ApplicationFilterChain.doFilter(ApplicationFilterChain.java:107)
	at org.apache.catalina.core.StandardWrapperValve.invoke(StandardWrapperValve.java:165)
	at org.apache.catalina.core.StandardContextValve.invoke(StandardContextValve.java:77)
	at org.apache.catalina.authenticator.AuthenticatorBase.invoke(AuthenticatorBase.java:492)
	at org.apache.catalina.core.StandardHostValve.invoke(StandardHostValve.java:113)
	at org.apache.catalina.valves.ErrorReportValve.invoke(ErrorReportValve.java:83)
	at org.apache.catalina.core.StandardEngineValve.invoke(StandardEngineValve.java:72)
	at org.apache.catalina.connector.CoyoteAdapter.service(CoyoteAdapter.java:341)
	at org.apache.coyote.http11.Http11Processor.service(Http11Processor.java:397)
	at org.apache.coyote.AbstractProcessorLight.process(AbstractProcessorLight.java:63)
	at org.apache.coyote.AbstractProtocol$ConnectionHandler.process(AbstractProtocol.java:903)
	at org.apache.tomcat.util.net.NioEndpoint$SocketProcessor.doRun(NioEndpoint.java:1801)
	at org.apache.tomcat.util.net.SocketProcessorBase.run(SocketProcessorBase.java:52)
	at org.apache.tomcat.util.threads.ThreadPoolExecutor.runWorker(ThreadPoolExecutor.java:946)
	at org.apache.tomcat.util.threads.ThreadPoolExecutor$Worker.run(ThreadPoolExecutor.java:480)
	at org.apache.tomcat.util.threads.TaskThread$WrappingRunnable.run(TaskThread.java:57)
	at java.base/java.lang.Thread.run(Thread.java:1447)
2026-05-16 10:50:30 [INFO] [http-nio-7021-exec-5] c.e.u.p.d.service.PaymentService - === Inicio de solicitud de pago ===
2026-05-16 10:50:30 [INFO] [http-nio-7021-exec-5] c.e.u.p.d.service.PaymentService - Buscando empresa para API key...
2026-05-16 10:50:30 [INFO] [http-nio-7021-exec-5] c.e.u.p.d.service.PaymentService - Empresa identificada: Compañia pingola
2026-05-16 10:50:30 [INFO] [http-nio-7021-exec-5] c.e.u.p.d.service.PaymentService - Pago registrado con ID: 1 — estado inicial: PENDING
2026-05-16 10:50:30 [INFO] [http-nio-7021-exec-5] c.e.u.p.d.service.PaymentService - Envío de pago a autorización externa
2026-05-16 10:50:30 [INFO] [http-nio-7021-exec-5] c.e.u.p.d.service.PaymentService - Pago ID: 1 — resultado final: REJECTED
2026-05-16 10:50:30 [INFO] [http-nio-7021-exec-5] c.e.u.p.d.service.PaymentService - === Fin de solicitud de pago ===
2026-05-16 10:50:34 [INFO] [http-nio-7021-exec-6] c.e.u.p.d.service.PaymentService - === Inicio de solicitud de pago ===
2026-05-16 10:50:34 [INFO] [http-nio-7021-exec-6] c.e.u.p.d.service.PaymentService - Buscando empresa para API key...
2026-05-16 10:50:34 [INFO] [http-nio-7021-exec-6] c.e.u.p.d.service.PaymentService - Empresa identificada: Compañia pingola
2026-05-16 10:50:34 [INFO] [http-nio-7021-exec-6] c.e.u.p.d.service.PaymentService - Pago registrado con ID: 2 — estado inicial: PENDING
2026-05-16 10:50:34 [INFO] [http-nio-7021-exec-6] c.e.u.p.d.service.PaymentService - Envío de pago a autorización externa
2026-05-16 10:50:34 [INFO] [http-nio-7021-exec-6] c.e.u.p.d.service.PaymentService - Pago ID: 2 — resultado final: APPROVED
2026-05-16 10:50:34 [INFO] [http-nio-7021-exec-6] c.e.u.p.d.service.PaymentService - === Fin de solicitud de pago ===
2026-05-16 11:06:41 [INFO] [restartedMain] c.e.u.p.PropaymentApplication - Starting PropaymentApplication using Java 24.0.2 with PID 13124 (E:\William\event\propayment\build\classes\java\main started by ruyk1 in E:\William\event\propayment)
2026-05-16 11:06:41 [INFO] [restartedMain] c.e.u.p.PropaymentApplication - The following 1 profile is active: "dev"
2026-05-16 11:06:41 [INFO] [restartedMain] o.s.b.d.e.DevToolsPropertyDefaultsPostProcessor - Devtools property defaults active! Set 'spring.devtools.add-properties' to 'false' to disable
2026-05-16 11:06:41 [INFO] [restartedMain] o.s.b.d.e.DevToolsPropertyDefaultsPostProcessor - For additional web related logging consider setting the 'logging.level.web' property to 'DEBUG'
2026-05-16 11:06:42 [INFO] [restartedMain] o.s.b.d.c.l.DockerComposeLifecycleManager - Using Docker Compose file E:\William\event\propayment\compose.yaml
2026-05-16 11:06:43 [INFO] [restartedMain] o.s.b.d.c.l.DockerComposeLifecycleManager - There are already Docker Compose services running, skipping startup
2026-05-16 11:06:44 [INFO] [restartedMain] o.s.d.r.c.RepositoryConfigurationDelegate - Bootstrapping Spring Data JPA repositories in DEFAULT mode.
2026-05-16 11:06:44 [INFO] [restartedMain] o.s.d.r.c.RepositoryConfigurationDelegate - Finished Spring Data repository scanning in 145 ms. Found 2 JPA repository interfaces.
2026-05-16 11:06:46 [INFO] [restartedMain] o.s.boot.tomcat.TomcatWebServer - Tomcat initialized with port 7021 (http)
2026-05-16 11:06:46 [INFO] [restartedMain] o.a.coyote.http11.Http11NioProtocol - Initializing ProtocolHandler ["http-nio-7021"]
2026-05-16 11:06:46 [INFO] [restartedMain] o.a.catalina.core.StandardService - Starting service [Tomcat]
2026-05-16 11:06:46 [INFO] [restartedMain] o.a.catalina.core.StandardEngine - Starting Servlet engine: [Apache Tomcat/11.0.21]
2026-05-16 11:06:46 [INFO] [restartedMain] o.s.b.w.c.s.WebApplicationContextInitializer - Root WebApplicationContext: initialization completed in 2886 ms
2026-05-16 11:06:46 [INFO] [restartedMain] org.hibernate.orm.jpa - HHH008540: Processing PersistenceUnitInfo [name: default]
2026-05-16 11:06:46 [INFO] [restartedMain] org.hibernate.orm.core - HHH000001: Hibernate ORM core version 7.2.12.Final
2026-05-16 11:06:47 [INFO] [restartedMain] o.s.o.j.p.SpringPersistenceUnitInfo - No LoadTimeWeaver setup: ignoring JPA class transformer
2026-05-16 11:06:47 [INFO] [restartedMain] com.zaxxer.hikari.HikariDataSource - HikariPool-1 - Starting...
2026-05-16 11:06:47 [INFO] [restartedMain] com.zaxxer.hikari.pool.HikariPool - HikariPool-1 - Added connection org.postgresql.jdbc.PgConnection@4ed0b02e
2026-05-16 11:06:47 [INFO] [restartedMain] com.zaxxer.hikari.HikariDataSource - HikariPool-1 - Start completed.
2026-05-16 11:06:47 [INFO] [restartedMain] o.hibernate.orm.connections.pooling - HHH10001005: Database info:
	Database JDBC URL [jdbc:postgresql://127.0.0.1:5251/payment_service_db?ApplicationName=propayment]
	Database driver: PostgreSQL JDBC Driver
	Database dialect: PostgreSQLDialect
	Database version: 16.13
	Default catalog/schema: payment_service_db/public
	Autocommit mode: undefined/unknown
	Isolation level: READ_COMMITTED [default READ_COMMITTED]
	JDBC fetch size: none
	Pool: DataSourceConnectionProvider
	Minimum pool size: undefined/unknown
	Maximum pool size: undefined/unknown
2026-05-16 11:06:48 [INFO] [restartedMain] org.hibernate.orm.core - HHH000489: No JTA platform available (set 'hibernate.transaction.jta.platform' to enable JTA platform integration)
2026-05-16 11:06:49 [INFO] [restartedMain] o.s.o.j.LocalContainerEntityManagerFactoryBean - Initialized JPA EntityManagerFactory for persistence unit 'default'
2026-05-16 11:06:49 [INFO] [restartedMain] o.s.d.j.r.q.QueryEnhancerFactories - Hibernate is in classpath; If applicable, HQL parser will be used.
2026-05-16 11:06:49 [WARN] [restartedMain] o.s.b.j.a.JpaBaseConfiguration$JpaWebConfiguration - spring.jpa.open-in-view is enabled by default. Therefore, database queries may be performed during view rendering. Explicitly configure spring.jpa.open-in-view to disable this warning
2026-05-16 11:06:50 [INFO] [restartedMain] o.a.coyote.http11.Http11NioProtocol - Starting ProtocolHandler ["http-nio-7021"]
2026-05-16 11:06:50 [INFO] [restartedMain] o.s.boot.tomcat.TomcatWebServer - Tomcat started on port 7021 (http) with context path '/payment/api'
2026-05-16 11:06:50 [INFO] [restartedMain] c.e.u.p.PropaymentApplication - Started PropaymentApplication in 9.23 seconds (process running for 9.804)
2026-05-16 11:07:05 [INFO] [http-nio-7021-exec-3] o.a.c.c.C.[.[.[/payment/api] - Initializing Spring DispatcherServlet 'dispatcherServlet'
2026-05-16 11:07:05 [INFO] [http-nio-7021-exec-3] o.s.web.servlet.DispatcherServlet - Initializing Servlet 'dispatcherServlet'
2026-05-16 11:07:05 [INFO] [http-nio-7021-exec-3] o.s.web.servlet.DispatcherServlet - Completed initialization in 2 ms
2026-05-16 11:07:29 [INFO] [restartedMain] c.e.u.p.PropaymentApplication - Starting PropaymentApplication using Java 24.0.2 with PID 18520 (E:\William\event\propayment\build\classes\java\main started by ruyk1 in E:\William\event\propayment)
2026-05-16 11:07:29 [INFO] [restartedMain] c.e.u.p.PropaymentApplication - The following 1 profile is active: "dev"
2026-05-16 11:07:30 [INFO] [restartedMain] o.s.b.d.e.DevToolsPropertyDefaultsPostProcessor - Devtools property defaults active! Set 'spring.devtools.add-properties' to 'false' to disable
2026-05-16 11:07:30 [INFO] [restartedMain] o.s.b.d.e.DevToolsPropertyDefaultsPostProcessor - For additional web related logging consider setting the 'logging.level.web' property to 'DEBUG'
2026-05-16 11:07:30 [INFO] [restartedMain] o.s.b.d.c.l.DockerComposeLifecycleManager - Using Docker Compose file E:\William\event\propayment\compose.yaml
2026-05-16 11:07:31 [INFO] [restartedMain] o.s.b.d.c.l.DockerComposeLifecycleManager - There are already Docker Compose services running, skipping startup
2026-05-16 11:07:32 [INFO] [restartedMain] o.s.d.r.c.RepositoryConfigurationDelegate - Bootstrapping Spring Data JPA repositories in DEFAULT mode.
2026-05-16 11:07:32 [INFO] [restartedMain] o.s.d.r.c.RepositoryConfigurationDelegate - Finished Spring Data repository scanning in 66 ms. Found 2 JPA repository interfaces.
2026-05-16 11:07:33 [INFO] [restartedMain] o.s.boot.tomcat.TomcatWebServer - Tomcat initialized with port 7021 (http)
2026-05-16 11:07:33 [INFO] [restartedMain] o.a.coyote.http11.Http11NioProtocol - Initializing ProtocolHandler ["http-nio-7021"]
2026-05-16 11:07:33 [INFO] [restartedMain] o.a.catalina.core.StandardService - Starting service [Tomcat]
2026-05-16 11:07:33 [INFO] [restartedMain] o.a.catalina.core.StandardEngine - Starting Servlet engine: [Apache Tomcat/11.0.21]
2026-05-16 11:07:33 [INFO] [restartedMain] o.s.b.w.c.s.WebApplicationContextInitializer - Root WebApplicationContext: initialization completed in 2106 ms
2026-05-16 11:07:33 [INFO] [restartedMain] org.hibernate.orm.jpa - HHH008540: Processing PersistenceUnitInfo [name: default]
2026-05-16 11:07:33 [INFO] [restartedMain] org.hibernate.orm.core - HHH000001: Hibernate ORM core version 7.2.12.Final
2026-05-16 11:07:34 [INFO] [restartedMain] o.s.o.j.p.SpringPersistenceUnitInfo - No LoadTimeWeaver setup: ignoring JPA class transformer
2026-05-16 11:07:34 [INFO] [restartedMain] com.zaxxer.hikari.HikariDataSource - HikariPool-1 - Starting...
2026-05-16 11:07:34 [INFO] [restartedMain] com.zaxxer.hikari.pool.HikariPool - HikariPool-1 - Added connection org.postgresql.jdbc.PgConnection@24f2ec4a
2026-05-16 11:07:34 [INFO] [restartedMain] com.zaxxer.hikari.HikariDataSource - HikariPool-1 - Start completed.
2026-05-16 11:07:34 [INFO] [restartedMain] o.hibernate.orm.connections.pooling - HHH10001005: Database info:
	Database JDBC URL [jdbc:postgresql://127.0.0.1:5251/payment_service_db?ApplicationName=propayment]
	Database driver: PostgreSQL JDBC Driver
	Database dialect: PostgreSQLDialect
	Database version: 16.13
	Default catalog/schema: payment_service_db/public
	Autocommit mode: undefined/unknown
	Isolation level: READ_COMMITTED [default READ_COMMITTED]
	JDBC fetch size: none
	Pool: DataSourceConnectionProvider
	Minimum pool size: undefined/unknown
	Maximum pool size: undefined/unknown
2026-05-16 11:07:35 [INFO] [restartedMain] org.hibernate.orm.core - HHH000489: No JTA platform available (set 'hibernate.transaction.jta.platform' to enable JTA platform integration)
2026-05-16 11:07:36 [INFO] [restartedMain] o.s.o.j.LocalContainerEntityManagerFactoryBean - Initialized JPA EntityManagerFactory for persistence unit 'default'
2026-05-16 11:07:36 [INFO] [restartedMain] o.s.d.j.r.q.QueryEnhancerFactories - Hibernate is in classpath; If applicable, HQL parser will be used.
2026-05-16 11:07:36 [WARN] [restartedMain] o.s.b.j.a.JpaBaseConfiguration$JpaWebConfiguration - spring.jpa.open-in-view is enabled by default. Therefore, database queries may be performed during view rendering. Explicitly configure spring.jpa.open-in-view to disable this warning
2026-05-16 11:07:36 [INFO] [restartedMain] o.a.coyote.http11.Http11NioProtocol - Starting ProtocolHandler ["http-nio-7021"]
2026-05-16 11:07:36 [INFO] [restartedMain] o.s.boot.tomcat.TomcatWebServer - Tomcat started on port 7021 (http) with context path '/payment/api'
2026-05-16 11:07:37 [INFO] [restartedMain] c.e.u.p.PropaymentApplication - Started PropaymentApplication in 7.75 seconds (process running for 8.411)
2026-05-16 11:07:41 [INFO] [http-nio-7021-exec-2] o.a.c.c.C.[.[.[/payment/api] - Initializing Spring DispatcherServlet 'dispatcherServlet'
2026-05-16 11:07:41 [INFO] [http-nio-7021-exec-2] o.s.web.servlet.DispatcherServlet - Initializing Servlet 'dispatcherServlet'
2026-05-16 11:07:41 [INFO] [http-nio-7021-exec-2] o.s.web.servlet.DispatcherServlet - Completed initialization in 0 ms
2026-05-16 11:07:47 [INFO] [http-nio-7021-exec-3] c.e.u.p.d.service.PaymentService - === Inicio de solicitud de pago ===
2026-05-16 11:07:47 [INFO] [http-nio-7021-exec-3] c.e.u.p.d.service.PaymentService - Buscando empresa para API key...
2026-05-16 11:07:48 [INFO] [http-nio-7021-exec-3] c.e.u.p.d.service.PaymentService - Empresa identificada: Compañia pingola
2026-05-16 11:07:48 [INFO] [http-nio-7021-exec-3] c.e.u.p.d.service.PaymentService - Pago registrado con ID: 1 — estado inicial: PENDING
2026-05-16 11:07:48 [INFO] [http-nio-7021-exec-3] c.e.u.p.d.service.PaymentService - Envío de pago a autorización externa
2026-05-16 11:07:48 [INFO] [http-nio-7021-exec-3] c.e.u.p.d.service.PaymentService - Pago ID: 1 — resultado final: APPROVED
2026-05-16 11:07:48 [INFO] [http-nio-7021-exec-3] c.e.u.p.d.service.PaymentService - === Fin de solicitud de pago ===
2026-05-16 11:07:52 [INFO] [http-nio-7021-exec-4] c.e.u.p.d.service.PaymentService - === Inicio de solicitud de pago ===
2026-05-16 11:07:52 [INFO] [http-nio-7021-exec-4] c.e.u.p.d.service.PaymentService - Buscando empresa para API key...
2026-05-16 11:07:52 [INFO] [http-nio-7021-exec-4] c.e.u.p.d.service.PaymentService - Empresa identificada: Compañia pingola
2026-05-16 11:07:52 [INFO] [http-nio-7021-exec-4] c.e.u.p.d.service.PaymentService - Pago registrado con ID: 2 — estado inicial: PENDING
2026-05-16 11:07:52 [INFO] [http-nio-7021-exec-4] c.e.u.p.d.service.PaymentService - Envío de pago a autorización externa
2026-05-16 11:07:52 [INFO] [http-nio-7021-exec-4] c.e.u.p.d.service.PaymentService - Pago ID: 2 — resultado final: REJECTED
2026-05-16 11:07:52 [INFO] [http-nio-7021-exec-4] c.e.u.p.d.service.PaymentService - === Fin de solicitud de pago ===
2026-05-16 11:07:55 [ERROR] [http-nio-7021-exec-5] c.e.u.p.w.c.GlobalExceptionHandler - Error de autenticación: the company with apiKey pp_live_7fA92KxLmQ81zP4vNcT2eYx was not found
2026-05-16 11:07:55 [WARN] [http-nio-7021-exec-5] o.s.w.s.m.m.a.ExceptionHandlerExceptionResolver - Resolved [co.edu.uptc.propayment.exceptions.CompanyNotFoundException: the company with apiKey pp_live_7fA92KxLmQ81zP4vNcT2eYx was not found]
2026-05-16 11:30:16 [INFO] [restartedMain] c.e.u.p.PropaymentApplication - Starting PropaymentApplication using Java 24.0.2 with PID 18744 (E:\William\event\propayment\build\classes\java\main started by ruyk1 in E:\William\event\propayment)
2026-05-16 11:30:16 [INFO] [restartedMain] c.e.u.p.PropaymentApplication - The following 1 profile is active: "dev"
2026-05-16 11:30:16 [INFO] [restartedMain] o.s.b.d.e.DevToolsPropertyDefaultsPostProcessor - Devtools property defaults active! Set 'spring.devtools.add-properties' to 'false' to disable
2026-05-16 11:30:16 [INFO] [restartedMain] o.s.b.d.e.DevToolsPropertyDefaultsPostProcessor - For additional web related logging consider setting the 'logging.level.web' property to 'DEBUG'
2026-05-16 11:30:16 [INFO] [restartedMain] o.s.b.d.c.l.DockerComposeLifecycleManager - Using Docker Compose file E:\William\event\propayment\compose.yaml
2026-05-16 11:30:18 [INFO] [restartedMain] o.s.b.d.c.l.DockerComposeLifecycleManager - There are already Docker Compose services running, skipping startup
2026-05-16 11:30:19 [INFO] [restartedMain] o.s.d.r.c.RepositoryConfigurationDelegate - Bootstrapping Spring Data JPA repositories in DEFAULT mode.
2026-05-16 11:30:19 [INFO] [restartedMain] o.s.d.r.c.RepositoryConfigurationDelegate - Finished Spring Data repository scanning in 61 ms. Found 2 JPA repository interfaces.
2026-05-16 11:30:20 [INFO] [restartedMain] o.s.boot.tomcat.TomcatWebServer - Tomcat initialized with port 7021 (http)
2026-05-16 11:30:20 [INFO] [restartedMain] o.a.coyote.http11.Http11NioProtocol - Initializing ProtocolHandler ["http-nio-7021"]
2026-05-16 11:30:20 [INFO] [restartedMain] o.a.catalina.core.StandardService - Starting service [Tomcat]
2026-05-16 11:30:20 [INFO] [restartedMain] o.a.catalina.core.StandardEngine - Starting Servlet engine: [Apache Tomcat/11.0.21]
2026-05-16 11:30:20 [INFO] [restartedMain] o.s.b.w.c.s.WebApplicationContextInitializer - Root WebApplicationContext: initialization completed in 1544 ms
2026-05-16 11:30:20 [INFO] [restartedMain] org.hibernate.orm.jpa - HHH008540: Processing PersistenceUnitInfo [name: default]
2026-05-16 11:30:20 [INFO] [restartedMain] org.hibernate.orm.core - HHH000001: Hibernate ORM core version 7.2.12.Final
2026-05-16 11:30:21 [INFO] [restartedMain] o.s.o.j.p.SpringPersistenceUnitInfo - No LoadTimeWeaver setup: ignoring JPA class transformer
2026-05-16 11:30:21 [INFO] [restartedMain] com.zaxxer.hikari.HikariDataSource - HikariPool-1 - Starting...
2026-05-16 11:30:21 [INFO] [restartedMain] com.zaxxer.hikari.pool.HikariPool - HikariPool-1 - Added connection org.postgresql.jdbc.PgConnection@25327863
2026-05-16 11:30:21 [INFO] [restartedMain] com.zaxxer.hikari.HikariDataSource - HikariPool-1 - Start completed.
2026-05-16 11:30:21 [INFO] [restartedMain] o.hibernate.orm.connections.pooling - HHH10001005: Database info:
	Database JDBC URL [jdbc:postgresql://127.0.0.1:5251/payment_service_db?ApplicationName=propayment]
	Database driver: PostgreSQL JDBC Driver
	Database dialect: PostgreSQLDialect
	Database version: 16.13
	Default catalog/schema: payment_service_db/public
	Autocommit mode: undefined/unknown
	Isolation level: READ_COMMITTED [default READ_COMMITTED]
	JDBC fetch size: none
	Pool: DataSourceConnectionProvider
	Minimum pool size: undefined/unknown
	Maximum pool size: undefined/unknown
2026-05-16 11:30:22 [INFO] [restartedMain] org.hibernate.orm.core - HHH000489: No JTA platform available (set 'hibernate.transaction.jta.platform' to enable JTA platform integration)
2026-05-16 11:30:22 [INFO] [restartedMain] o.s.o.j.LocalContainerEntityManagerFactoryBean - Initialized JPA EntityManagerFactory for persistence unit 'default'
2026-05-16 11:30:22 [INFO] [restartedMain] o.s.d.j.r.q.QueryEnhancerFactories - Hibernate is in classpath; If applicable, HQL parser will be used.
2026-05-16 11:30:23 [WARN] [restartedMain] o.s.b.j.a.JpaBaseConfiguration$JpaWebConfiguration - spring.jpa.open-in-view is enabled by default. Therefore, database queries may be performed during view rendering. Explicitly configure spring.jpa.open-in-view to disable this warning
2026-05-16 11:30:23 [INFO] [restartedMain] o.a.coyote.http11.Http11NioProtocol - Starting ProtocolHandler ["http-nio-7021"]
2026-05-16 11:30:23 [INFO] [restartedMain] o.s.boot.tomcat.TomcatWebServer - Tomcat started on port 7021 (http) with context path '/payment/api'
2026-05-16 11:30:23 [INFO] [restartedMain] c.e.u.p.PropaymentApplication - Started PropaymentApplication in 7.551 seconds (process running for 8.216)
2026-05-16 11:30:31 [INFO] [http-nio-7021-exec-2] o.a.c.c.C.[.[.[/payment/api] - Initializing Spring DispatcherServlet 'dispatcherServlet'
2026-05-16 11:30:31 [INFO] [http-nio-7021-exec-2] o.s.web.servlet.DispatcherServlet - Initializing Servlet 'dispatcherServlet'
2026-05-16 11:30:31 [INFO] [http-nio-7021-exec-2] o.s.web.servlet.DispatcherServlet - Completed initialization in 3 ms
2026-05-16 11:30:46 [INFO] [http-nio-7021-exec-4] c.e.u.p.d.service.PaymentService - === Inicio de solicitud de pago ===
2026-05-16 11:30:46 [INFO] [http-nio-7021-exec-4] c.e.u.p.d.service.PaymentService - Buscando empresa para API key...
2026-05-16 11:30:47 [INFO] [http-nio-7021-exec-4] c.e.u.p.d.service.PaymentService - Empresa identificada: Compañia pingola
2026-05-16 11:30:47 [INFO] [http-nio-7021-exec-4] c.e.u.p.d.service.PaymentService - Pago registrado con ID: 1 — estado inicial: PENDING
2026-05-16 11:30:47 [INFO] [http-nio-7021-exec-4] c.e.u.p.d.service.PaymentService - Envío de pago a autorización externa
2026-05-16 11:30:47 [INFO] [http-nio-7021-exec-4] c.e.u.p.d.service.PaymentService - Pago ID: 1 — resultado final: REJECTED
2026-05-16 11:30:47 [INFO] [http-nio-7021-exec-4] c.e.u.p.d.service.PaymentService - === Fin de solicitud de pago ===
2026-05-16 11:30:52 [INFO] [http-nio-7021-exec-5] c.e.u.p.d.service.PaymentService - === Inicio de solicitud de pago ===
2026-05-16 11:30:52 [INFO] [http-nio-7021-exec-5] c.e.u.p.d.service.PaymentService - Buscando empresa para API key...
2026-05-16 11:30:52 [INFO] [http-nio-7021-exec-5] c.e.u.p.d.service.PaymentService - Empresa identificada: Compañia pingola
2026-05-16 11:30:52 [INFO] [http-nio-7021-exec-5] c.e.u.p.d.service.PaymentService - Pago registrado con ID: 2 — estado inicial: PENDING
2026-05-16 11:30:52 [INFO] [http-nio-7021-exec-5] c.e.u.p.d.service.PaymentService - Envío de pago a autorización externa
2026-05-16 11:30:52 [INFO] [http-nio-7021-exec-5] c.e.u.p.d.service.PaymentService - Pago ID: 2 — resultado final: APPROVED
2026-05-16 11:30:52 [INFO] [http-nio-7021-exec-5] c.e.u.p.d.service.PaymentService - === Fin de solicitud de pago ===
2026-05-16 11:30:54 [INFO] [http-nio-7021-exec-6] c.e.u.p.d.service.PaymentService - === Inicio de solicitud de pago ===
2026-05-16 11:30:54 [INFO] [http-nio-7021-exec-6] c.e.u.p.d.service.PaymentService - Buscando empresa para API key...
2026-05-16 11:30:54 [INFO] [http-nio-7021-exec-6] c.e.u.p.d.service.PaymentService - Empresa identificada: Compañia pingola
2026-05-16 11:30:54 [INFO] [http-nio-7021-exec-6] c.e.u.p.d.service.PaymentService - Pago registrado con ID: 3 — estado inicial: PENDING
2026-05-16 11:30:54 [INFO] [http-nio-7021-exec-6] c.e.u.p.d.service.PaymentService - Envío de pago a autorización externa
2026-05-16 11:30:54 [INFO] [http-nio-7021-exec-6] c.e.u.p.d.service.PaymentService - Pago ID: 3 — resultado final: APPROVED
2026-05-16 11:30:54 [INFO] [http-nio-7021-exec-6] c.e.u.p.d.service.PaymentService - === Fin de solicitud de pago ===
2026-05-16 11:31:38 [WARN] [http-nio-7021-exec-9] o.s.w.s.m.s.DefaultHandlerExceptionResolver - Resolved [org.springframework.web.HttpRequestMethodNotSupportedException: Request method 'GET' is not supported]
2026-05-16 11:34:18 [INFO] [http-nio-7021-exec-6] c.e.u.p.d.service.PaymentService - === Inicio de solicitud de pago ===
2026-05-16 11:34:18 [INFO] [http-nio-7021-exec-6] c.e.u.p.d.service.PaymentService - Buscando empresa para API key...
2026-05-16 11:34:18 [INFO] [http-nio-7021-exec-6] c.e.u.p.d.service.PaymentService - Empresa identificada: Compañia pingola
2026-05-16 11:34:18 [INFO] [http-nio-7021-exec-6] c.e.u.p.d.service.PaymentService - Pago registrado con ID: 4 — estado inicial: PENDING
2026-05-16 11:34:18 [INFO] [http-nio-7021-exec-6] c.e.u.p.d.service.PaymentService - Envío de pago a autorización externa
2026-05-16 11:34:18 [INFO] [http-nio-7021-exec-6] c.e.u.p.d.service.PaymentService - Pago ID: 4 — resultado final: APPROVED
2026-05-16 11:34:18 [INFO] [http-nio-7021-exec-6] c.e.u.p.d.service.PaymentService - === Fin de solicitud de pago ===
2026-05-16 11:35:41 [WARN] [http-nio-7021-exec-10] o.s.w.s.m.s.DefaultHandlerExceptionResolver - Resolved [org.springframework.web.HttpRequestMethodNotSupportedException: Request method 'GET' is not supported]
2026-05-16 13:44:06 [INFO] [restartedMain] c.e.u.p.PropaymentApplication - Starting PropaymentApplication using Java 24.0.2 with PID 4088 (E:\William\event\propayment\build\classes\java\main started by ruyk1 in E:\William\event\propayment)
2026-05-16 13:44:06 [INFO] [restartedMain] c.e.u.p.PropaymentApplication - The following 1 profile is active: "dev"
2026-05-16 13:44:06 [INFO] [restartedMain] o.s.b.d.e.DevToolsPropertyDefaultsPostProcessor - Devtools property defaults active! Set 'spring.devtools.add-properties' to 'false' to disable
2026-05-16 13:44:06 [INFO] [restartedMain] o.s.b.d.e.DevToolsPropertyDefaultsPostProcessor - For additional web related logging consider setting the 'logging.level.web' property to 'DEBUG'
2026-05-16 13:44:06 [INFO] [restartedMain] o.s.b.d.c.l.DockerComposeLifecycleManager - Using Docker Compose file E:\William\event\propayment\compose.yaml
2026-05-16 13:44:07 [INFO] [restartedMain] o.s.b.d.c.l.DockerComposeLifecycleManager - There are already Docker Compose services running, skipping startup
2026-05-16 13:44:08 [INFO] [restartedMain] o.s.d.r.c.RepositoryConfigurationDelegate - Bootstrapping Spring Data JPA repositories in DEFAULT mode.
2026-05-16 13:44:08 [INFO] [restartedMain] o.s.d.r.c.RepositoryConfigurationDelegate - Finished Spring Data repository scanning in 60 ms. Found 2 JPA repository interfaces.
2026-05-16 13:44:09 [INFO] [restartedMain] o.s.boot.tomcat.TomcatWebServer - Tomcat initialized with port 7021 (http)
2026-05-16 13:44:09 [INFO] [restartedMain] o.a.coyote.http11.Http11NioProtocol - Initializing ProtocolHandler ["http-nio-7021"]
2026-05-16 13:44:09 [INFO] [restartedMain] o.a.catalina.core.StandardService - Starting service [Tomcat]
2026-05-16 13:44:09 [INFO] [restartedMain] o.a.catalina.core.StandardEngine - Starting Servlet engine: [Apache Tomcat/11.0.21]
2026-05-16 13:44:09 [INFO] [restartedMain] o.s.b.w.c.s.WebApplicationContextInitializer - Root WebApplicationContext: initialization completed in 1648 ms
2026-05-16 13:44:09 [INFO] [restartedMain] org.hibernate.orm.jpa - HHH008540: Processing PersistenceUnitInfo [name: default]
2026-05-16 13:44:09 [INFO] [restartedMain] org.hibernate.orm.core - HHH000001: Hibernate ORM core version 7.2.12.Final
2026-05-16 13:44:10 [INFO] [restartedMain] o.s.o.j.p.SpringPersistenceUnitInfo - No LoadTimeWeaver setup: ignoring JPA class transformer
2026-05-16 13:44:10 [INFO] [restartedMain] com.zaxxer.hikari.HikariDataSource - HikariPool-1 - Starting...
2026-05-16 13:44:10 [INFO] [restartedMain] com.zaxxer.hikari.pool.HikariPool - HikariPool-1 - Added connection org.postgresql.jdbc.PgConnection@5b97622a
2026-05-16 13:44:10 [INFO] [restartedMain] com.zaxxer.hikari.HikariDataSource - HikariPool-1 - Start completed.
2026-05-16 13:44:11 [INFO] [restartedMain] o.hibernate.orm.connections.pooling - HHH10001005: Database info:
	Database JDBC URL [jdbc:postgresql://127.0.0.1:5251/payment_service_db?ApplicationName=propayment]
	Database driver: PostgreSQL JDBC Driver
	Database dialect: PostgreSQLDialect
	Database version: 16.13
	Default catalog/schema: payment_service_db/public
	Autocommit mode: undefined/unknown
	Isolation level: READ_COMMITTED [default READ_COMMITTED]
	JDBC fetch size: none
	Pool: DataSourceConnectionProvider
	Minimum pool size: undefined/unknown
	Maximum pool size: undefined/unknown
2026-05-16 13:44:12 [INFO] [restartedMain] org.hibernate.orm.core - HHH000489: No JTA platform available (set 'hibernate.transaction.jta.platform' to enable JTA platform integration)
2026-05-16 13:44:13 [INFO] [restartedMain] o.s.o.j.LocalContainerEntityManagerFactoryBean - Initialized JPA EntityManagerFactory for persistence unit 'default'
2026-05-16 13:44:13 [INFO] [restartedMain] o.s.d.j.r.q.QueryEnhancerFactories - Hibernate is in classpath; If applicable, HQL parser will be used.
2026-05-16 13:44:13 [WARN] [restartedMain] o.s.b.j.a.JpaBaseConfiguration$JpaWebConfiguration - spring.jpa.open-in-view is enabled by default. Therefore, database queries may be performed during view rendering. Explicitly configure spring.jpa.open-in-view to disable this warning
2026-05-16 13:44:14 [INFO] [restartedMain] o.a.coyote.http11.Http11NioProtocol - Starting ProtocolHandler ["http-nio-7021"]
2026-05-16 13:44:14 [INFO] [restartedMain] o.s.boot.tomcat.TomcatWebServer - Tomcat started on port 7021 (http) with context path '/payment/api'
2026-05-16 13:44:14 [INFO] [restartedMain] c.e.u.p.PropaymentApplication - Started PropaymentApplication in 8.917 seconds (process running for 10.659)
2026-05-16 13:44:22 [INFO] [http-nio-7021-exec-1] o.a.c.c.C.[.[.[/payment/api] - Initializing Spring DispatcherServlet 'dispatcherServlet'
2026-05-16 13:44:22 [INFO] [http-nio-7021-exec-1] o.s.web.servlet.DispatcherServlet - Initializing Servlet 'dispatcherServlet'
2026-05-16 13:44:22 [INFO] [http-nio-7021-exec-1] o.s.web.servlet.DispatcherServlet - Completed initialization in 1 ms
2026-05-16 13:44:23 [ERROR] [http-nio-7021-exec-1] c.e.u.p.w.c.GlobalExceptionHandler - Error de autenticación: the company with apiKey pp_live_7fA92KxLmQ81zP4vNcT2eY was not found
2026-05-16 13:44:23 [WARN] [http-nio-7021-exec-1] o.s.w.s.m.m.a.ExceptionHandlerExceptionResolver - Resolved [co.edu.uptc.propayment.exceptions.CompanyNotFoundException: the company with apiKey pp_live_7fA92KxLmQ81zP4vNcT2eY was not found]
2026-05-16 13:44:35 [WARN] [http-nio-7021-exec-4] org.hibernate.orm.jdbc.error - HHH000247: ErrorCode: 0, SQLState: 23505
2026-05-16 13:44:35 [WARN] [http-nio-7021-exec-4] org.hibernate.orm.jdbc.error - ERROR: duplicate key value violates unique constraint "companies_company_name_key"
  Detail: Key (company_name)=(Compañia pingola pro) already exists.
2026-05-16 13:44:35 [ERROR] [http-nio-7021-exec-4] o.a.c.c.C.[.[.[.[dispatcherServlet] - Servlet.service() for servlet [dispatcherServlet] in context with path [/payment/api] threw exception [Request processing failed: org.springframework.dao.DataIntegrityViolationException: could not execute statement [ERROR: duplicate key value violates unique constraint "companies_company_name_key"
  Detail: Key (company_name)=(Compañia pingola pro) already exists.] [insert into companies (api_key,company_name) values (?,?)]; SQL [insert into companies (api_key,company_name) values (?,?)]; constraint [companies_company_name_key]] with root cause
org.postgresql.util.PSQLException: ERROR: duplicate key value violates unique constraint "companies_company_name_key"
  Detail: Key (company_name)=(Compañia pingola pro) already exists.
	at org.postgresql.core.v3.QueryExecutorImpl.receiveErrorResponse(QueryExecutorImpl.java:2875)
	at org.postgresql.core.v3.QueryExecutorImpl.processResults(QueryExecutorImpl.java:2560)
	at org.postgresql.core.v3.QueryExecutorImpl.execute(QueryExecutorImpl.java:429)
	at org.postgresql.jdbc.PgStatement.executeInternal(PgStatement.java:526)
	at org.postgresql.jdbc.PgStatement.execute(PgStatement.java:436)
	at org.postgresql.jdbc.PgPreparedStatement.executeWithFlags(PgPreparedStatement.java:196)
	at org.postgresql.jdbc.PgPreparedStatement.executeUpdate(PgPreparedStatement.java:157)
	at com.zaxxer.hikari.pool.ProxyPreparedStatement.executeUpdate(ProxyPreparedStatement.java:61)
	at com.zaxxer.hikari.pool.HikariProxyPreparedStatement.executeUpdate(HikariProxyPreparedStatement.java)
	at org.hibernate.engine.jdbc.internal.ResultSetReturnImpl.executeUpdate(ResultSetReturnImpl.java:181)
	at org.hibernate.id.insert.GetGeneratedKeysDelegate.performMutation(GetGeneratedKeysDelegate.java:103)
	at org.hibernate.engine.jdbc.mutation.internal.MutationExecutorSingleNonBatched.performNonBatchedOperations(MutationExecutorSingleNonBatched.java:45)
	at org.hibernate.engine.jdbc.mutation.internal.AbstractMutationExecutor.execute(AbstractMutationExecutor.java:66)
	at org.hibernate.engine.jdbc.mutation.internal.AbstractMutationExecutor.execute(AbstractMutationExecutor.java:55)
	at org.hibernate.persister.entity.mutation.InsertCoordinatorStandard.doStaticInserts(InsertCoordinatorStandard.java:180)
	at org.hibernate.persister.entity.mutation.InsertCoordinatorStandard.coordinateInsert(InsertCoordinatorStandard.java:120)
	at org.hibernate.persister.entity.mutation.InsertCoordinatorStandard.insert(InsertCoordinatorStandard.java:84)
	at org.hibernate.action.internal.EntityIdentityInsertAction.execute(EntityIdentityInsertAction.java:85)
	at org.hibernate.engine.spi.ActionQueue.execute(ActionQueue.java:667)
	at org.hibernate.engine.spi.ActionQueue.addResolvedEntityInsertAction(ActionQueue.java:291)
	at org.hibernate.engine.spi.ActionQueue.addInsertAction(ActionQueue.java:270)
	at org.hibernate.engine.spi.ActionQueue.addAction(ActionQueue.java:322)
	at org.hibernate.event.internal.AbstractSaveEventListener.addInsertAction(AbstractSaveEventListener.java:371)
	at org.hibernate.event.internal.AbstractSaveEventListener.performSaveOrReplicate(AbstractSaveEventListener.java:285)
	at org.hibernate.event.internal.AbstractSaveEventListener.performSave(AbstractSaveEventListener.java:215)
	at org.hibernate.event.internal.AbstractSaveEventListener.saveWithGeneratedId(AbstractSaveEventListener.java:133)
	at org.hibernate.event.internal.DefaultPersistEventListener.entityIsTransient(DefaultPersistEventListener.java:144)
	at org.hibernate.event.internal.DefaultPersistEventListener.persist(DefaultPersistEventListener.java:90)
	at org.hibernate.event.internal.DefaultPersistEventListener.onPersist(DefaultPersistEventListener.java:74)
	at org.hibernate.event.internal.DefaultPersistEventListener.onPersist(DefaultPersistEventListener.java:50)
	at org.hibernate.event.service.internal.EventListenerGroupImpl.fireEventOnEachListener(EventListenerGroupImpl.java:138)
	at org.hibernate.internal.SessionImpl.firePersist(SessionImpl.java:692)
	at org.hibernate.internal.SessionImpl.persist(SessionImpl.java:675)
	at java.base/jdk.internal.reflect.DirectMethodHandleAccessor.invoke(DirectMethodHandleAccessor.java:104)
	at java.base/java.lang.reflect.Method.invoke(Method.java:565)
	at org.springframework.orm.jpa.ExtendedEntityManagerCreator$ExtendedEntityManagerInvocationHandler.invoke(ExtendedEntityManagerCreator.java:362)
	at jdk.proxy4/jdk.proxy4.$Proxy128.persist(Unknown Source)
	at java.base/jdk.internal.reflect.DirectMethodHandleAccessor.invoke(DirectMethodHandleAccessor.java:104)
	at java.base/java.lang.reflect.Method.invoke(Method.java:565)
	at org.springframework.orm.jpa.SharedEntityManagerCreator$SharedEntityHandlerInvocationHandler.invokeMethod(SharedEntityManagerCreator.java:240)
	at org.springframework.orm.jpa.SharedEntityManagerCreator$SharedEntityManagerInvocationHandler.invoke(SharedEntityManagerCreator.java:386)
	at jdk.proxy4/jdk.proxy4.$Proxy128.persist(Unknown Source)
	at org.springframework.data.jpa.repository.support.SimpleJpaRepository.save(SimpleJpaRepository.java:664)
	at java.base/jdk.internal.reflect.DirectMethodHandleAccessor.invoke(DirectMethodHandleAccessor.java:104)
	at java.base/java.lang.reflect.Method.invoke(Method.java:565)
	at org.springframework.aop.support.AopUtils.invokeJoinpointUsingReflection(AopUtils.java:359)
	at org.springframework.data.repository.core.support.RepositoryMethodInvoker$RepositoryFragmentMethodInvoker.lambda$new$0(RepositoryMethodInvoker.java:278)
	at org.springframework.data.repository.core.support.RepositoryMethodInvoker.doInvoke(RepositoryMethodInvoker.java:169)
	at org.springframework.data.repository.core.support.RepositoryMethodInvoker.invoke(RepositoryMethodInvoker.java:158)
	at org.springframework.data.repository.core.support.RepositoryComposition$RepositoryFragments.invoke(RepositoryComposition.java:545)
	at org.springframework.data.repository.core.support.RepositoryComposition.invoke(RepositoryComposition.java:290)
	at org.springframework.data.repository.core.support.RepositoryFactorySupport$ImplementationMethodExecutionInterceptor.invoke(RepositoryFactorySupport.java:690)
	at org.springframework.aop.framework.ReflectiveMethodInvocation.proceed(ReflectiveMethodInvocation.java:179)
	at org.springframework.data.repository.core.support.QueryExecutorMethodInterceptor.doInvoke(QueryExecutorMethodInterceptor.java:171)
	at org.springframework.data.repository.core.support.QueryExecutorMethodInterceptor.invoke(QueryExecutorMethodInterceptor.java:146)
	at org.springframework.aop.framework.ReflectiveMethodInvocation.proceed(ReflectiveMethodInvocation.java:179)
	at org.springframework.data.projection.DefaultMethodInvokingMethodInterceptor.invoke(DefaultMethodInvokingMethodInterceptor.java:69)
	at org.springframework.aop.framework.ReflectiveMethodInvocation.proceed(ReflectiveMethodInvocation.java:179)
	at org.springframework.transaction.interceptor.TransactionInterceptor$1.proceedWithInvocation(TransactionInterceptor.java:133)
	at org.springframework.transaction.interceptor.TransactionAspectSupport.invokeWithinTransaction(TransactionAspectSupport.java:371)
	at org.springframework.transaction.interceptor.TransactionInterceptor.invoke(TransactionInterceptor.java:130)
	at org.springframework.aop.framework.ReflectiveMethodInvocation.proceed(ReflectiveMethodInvocation.java:179)
	at org.springframework.dao.support.PersistenceExceptionTranslationInterceptor.invoke(PersistenceExceptionTranslationInterceptor.java:135)
	at org.springframework.aop.framework.ReflectiveMethodInvocation.proceed(ReflectiveMethodInvocation.java:179)
	at org.springframework.data.jpa.repository.support.CrudMethodMetadataPostProcessor$CrudMethodMetadataPopulatingMethodInterceptor.invoke(CrudMethodMetadataPostProcessor.java:166)
	at org.springframework.aop.framework.ReflectiveMethodInvocation.proceed(ReflectiveMethodInvocation.java:179)
	at org.springframework.aop.framework.JdkDynamicAopProxy.invoke(JdkDynamicAopProxy.java:222)
	at jdk.proxy4/jdk.proxy4.$Proxy132.save(Unknown Source)
	at co.edu.uptc.propayment.domain.service.CompanyService.save(CompanyService.java:18)
	at co.edu.uptc.propayment.web.controller.CompanyController.save(CompanyController.java:21)
	at java.base/jdk.internal.reflect.DirectMethodHandleAccessor.invoke(DirectMethodHandleAccessor.java:104)
	at java.base/java.lang.reflect.Method.invoke(Method.java:565)
	at org.springframework.web.method.support.InvocableHandlerMethod.doInvoke(InvocableHandlerMethod.java:252)
	at org.springframework.web.method.support.InvocableHandlerMethod.invokeForRequest(InvocableHandlerMethod.java:184)
	at org.springframework.web.servlet.mvc.method.annotation.ServletInvocableHandlerMethod.invokeAndHandle(ServletInvocableHandlerMethod.java:117)
	at org.springframework.web.servlet.mvc.method.annotation.RequestMappingHandlerAdapter.invokeHandlerMethod(RequestMappingHandlerAdapter.java:934)
	at org.springframework.web.servlet.mvc.method.annotation.RequestMappingHandlerAdapter.handleInternal(RequestMappingHandlerAdapter.java:853)
	at org.springframework.web.servlet.mvc.method.AbstractHandlerMethodAdapter.handle(AbstractHandlerMethodAdapter.java:86)
	at org.springframework.web.servlet.DispatcherServlet.doDispatch(DispatcherServlet.java:963)
	at org.springframework.web.servlet.DispatcherServlet.doService(DispatcherServlet.java:866)
	at org.springframework.web.servlet.FrameworkServlet.processRequest(FrameworkServlet.java:1000)
	at org.springframework.web.servlet.FrameworkServlet.doPost(FrameworkServlet.java:903)
	at jakarta.servlet.http.HttpServlet.service(HttpServlet.java:649)
	at org.springframework.web.servlet.FrameworkServlet.service(FrameworkServlet.java:874)
	at jakarta.servlet.http.HttpServlet.service(HttpServlet.java:710)
	at org.apache.catalina.core.ApplicationFilterChain.doFilter(ApplicationFilterChain.java:128)
	at org.apache.tomcat.websocket.server.WsFilter.doFilter(WsFilter.java:53)
	at org.apache.catalina.core.ApplicationFilterChain.doFilter(ApplicationFilterChain.java:107)
	at org.springframework.web.filter.RequestContextFilter.doFilterInternal(RequestContextFilter.java:100)
	at org.springframework.web.filter.OncePerRequestFilter.doFilter(OncePerRequestFilter.java:116)
	at org.apache.catalina.core.ApplicationFilterChain.doFilter(ApplicationFilterChain.java:107)
	at org.springframework.web.filter.FormContentFilter.doFilterInternal(FormContentFilter.java:93)
	at org.springframework.web.filter.OncePerRequestFilter.doFilter(OncePerRequestFilter.java:116)
	at org.apache.catalina.core.ApplicationFilterChain.doFilter(ApplicationFilterChain.java:107)
	at org.springframework.web.filter.CharacterEncodingFilter.doFilterInternal(CharacterEncodingFilter.java:199)
	at org.springframework.web.filter.OncePerRequestFilter.doFilter(OncePerRequestFilter.java:116)
	at org.apache.catalina.core.ApplicationFilterChain.doFilter(ApplicationFilterChain.java:107)
	at org.apache.catalina.core.StandardWrapperValve.invoke(StandardWrapperValve.java:165)
	at org.apache.catalina.core.StandardContextValve.invoke(StandardContextValve.java:77)
	at org.apache.catalina.authenticator.AuthenticatorBase.invoke(AuthenticatorBase.java:492)
	at org.apache.catalina.core.StandardHostValve.invoke(StandardHostValve.java:113)
	at org.apache.catalina.valves.ErrorReportValve.invoke(ErrorReportValve.java:83)
	at org.apache.catalina.core.StandardEngineValve.invoke(StandardEngineValve.java:72)
	at org.apache.catalina.connector.CoyoteAdapter.service(CoyoteAdapter.java:341)
	at org.apache.coyote.http11.Http11Processor.service(Http11Processor.java:397)
	at org.apache.coyote.AbstractProcessorLight.process(AbstractProcessorLight.java:63)
	at org.apache.coyote.AbstractProtocol$ConnectionHandler.process(AbstractProtocol.java:903)
	at org.apache.tomcat.util.net.NioEndpoint$SocketProcessor.doRun(NioEndpoint.java:1801)
	at org.apache.tomcat.util.net.SocketProcessorBase.run(SocketProcessorBase.java:52)
	at org.apache.tomcat.util.threads.ThreadPoolExecutor.runWorker(ThreadPoolExecutor.java:946)
	at org.apache.tomcat.util.threads.ThreadPoolExecutor$Worker.run(ThreadPoolExecutor.java:480)
	at org.apache.tomcat.util.threads.TaskThread$WrappingRunnable.run(TaskThread.java:57)
	at java.base/java.lang.Thread.run(Thread.java:1447)
2026-05-16 13:44:49 [INFO] [http-nio-7021-exec-7] c.e.u.p.d.service.PaymentService - === Inicio de solicitud de pago ===
2026-05-16 13:44:49 [INFO] [http-nio-7021-exec-7] c.e.u.p.d.service.PaymentService - Buscando empresa para API key...
2026-05-16 13:44:49 [INFO] [http-nio-7021-exec-7] c.e.u.p.d.service.PaymentService - Empresa identificada: Compañia pingola pro
2026-05-16 13:44:49 [INFO] [http-nio-7021-exec-7] c.e.u.p.d.service.PaymentService - Pago registrado con ID: 1 — estado inicial: PENDING
2026-05-16 13:44:49 [INFO] [http-nio-7021-exec-7] c.e.u.p.d.service.PaymentService - Envío de pago a autorización externa
2026-05-16 13:44:49 [INFO] [http-nio-7021-exec-7] c.e.u.p.d.service.PaymentService - Pago ID: 1 — resultado final: APPROVED
2026-05-16 13:44:49 [INFO] [http-nio-7021-exec-7] c.e.u.p.d.service.PaymentService - === Fin de solicitud de pago ===
2026-05-16 13:44:52 [INFO] [http-nio-7021-exec-8] c.e.u.p.d.service.PaymentService - === Inicio de solicitud de pago ===
2026-05-16 13:44:52 [INFO] [http-nio-7021-exec-8] c.e.u.p.d.service.PaymentService - Buscando empresa para API key...
2026-05-16 13:44:52 [INFO] [http-nio-7021-exec-8] c.e.u.p.d.service.PaymentService - Empresa identificada: Compañia pingola pro
2026-05-16 13:44:52 [INFO] [http-nio-7021-exec-8] c.e.u.p.d.service.PaymentService - Pago registrado con ID: 2 — estado inicial: PENDING
2026-05-16 13:44:52 [INFO] [http-nio-7021-exec-8] c.e.u.p.d.service.PaymentService - Envío de pago a autorización externa
2026-05-16 13:44:52 [INFO] [http-nio-7021-exec-8] c.e.u.p.d.service.PaymentService - Pago ID: 2 — resultado final: APPROVED
2026-05-16 13:44:52 [INFO] [http-nio-7021-exec-8] c.e.u.p.d.service.PaymentService - === Fin de solicitud de pago ===
2026-05-16 13:44:57 [INFO] [http-nio-7021-exec-9] c.e.u.p.d.service.PaymentService - === Inicio de solicitud de pago ===
2026-05-16 13:44:57 [INFO] [http-nio-7021-exec-9] c.e.u.p.d.service.PaymentService - Buscando empresa para API key...
2026-05-16 13:44:57 [INFO] [http-nio-7021-exec-9] c.e.u.p.d.service.PaymentService - Empresa identificada: Compañia pingola pro
2026-05-16 13:44:57 [INFO] [http-nio-7021-exec-9] c.e.u.p.d.service.PaymentService - Pago registrado con ID: 3 — estado inicial: PENDING
2026-05-16 13:44:57 [INFO] [http-nio-7021-exec-9] c.e.u.p.d.service.PaymentService - Envío de pago a autorización externa
2026-05-16 13:44:57 [INFO] [http-nio-7021-exec-9] c.e.u.p.d.service.PaymentService - Pago ID: 3 — resultado final: REJECTED
2026-05-16 13:44:57 [INFO] [http-nio-7021-exec-9] c.e.u.p.d.service.PaymentService - === Fin de solicitud de pago ===
2026-05-16 13:45:00 [INFO] [http-nio-7021-exec-10] c.e.u.p.d.service.PaymentService - === Inicio de solicitud de pago ===
2026-05-16 13:45:00 [INFO] [http-nio-7021-exec-10] c.e.u.p.d.service.PaymentService - Buscando empresa para API key...
2026-05-16 13:45:00 [INFO] [http-nio-7021-exec-10] c.e.u.p.d.service.PaymentService - Empresa identificada: Compañia pingola pro
2026-05-16 13:45:00 [INFO] [http-nio-7021-exec-10] c.e.u.p.d.service.PaymentService - Pago registrado con ID: 4 — estado inicial: PENDING
2026-05-16 13:45:00 [INFO] [http-nio-7021-exec-10] c.e.u.p.d.service.PaymentService - Envío de pago a autorización externa
2026-05-16 13:45:00 [INFO] [http-nio-7021-exec-10] c.e.u.p.d.service.PaymentService - Pago ID: 4 — resultado final: REJECTED
2026-05-16 13:45:00 [INFO] [http-nio-7021-exec-10] c.e.u.p.d.service.PaymentService - === Fin de solicitud de pago ===
2026-05-16 13:46:42 [INFO] [http-nio-7021-exec-2] c.e.u.p.d.service.PaymentService - === Inicio de solicitud de pago ===
2026-05-16 13:46:42 [INFO] [http-nio-7021-exec-2] c.e.u.p.d.service.PaymentService - Buscando empresa para API key...
2026-05-16 13:46:42 [INFO] [http-nio-7021-exec-2] c.e.u.p.d.service.PaymentService - Empresa identificada: Compañia pingola pro
2026-05-16 13:46:42 [INFO] [http-nio-7021-exec-2] c.e.u.p.d.service.PaymentService - Pago registrado con ID: 5 — estado inicial: PENDING
2026-05-16 13:46:42 [INFO] [http-nio-7021-exec-2] c.e.u.p.d.service.PaymentService - Envío de pago a autorización externa
2026-05-16 13:46:42 [INFO] [http-nio-7021-exec-2] c.e.u.p.d.service.PaymentService - Pago ID: 5 — resultado final: APPROVED
2026-05-16 13:46:42 [INFO] [http-nio-7021-exec-2] c.e.u.p.d.service.PaymentService - === Fin de solicitud de pago ===
2026-05-16 14:29:40 [INFO] [restartedMain] c.e.u.p.PropaymentApplication - Starting PropaymentApplication using Java 24.0.2 with PID 11520 (E:\William\event\propayment\build\classes\java\main started by ruyk1 in E:\William\event\propayment)
2026-05-16 14:29:40 [INFO] [restartedMain] c.e.u.p.PropaymentApplication - The following 1 profile is active: "dev"
2026-05-16 14:29:41 [INFO] [restartedMain] o.s.b.d.e.DevToolsPropertyDefaultsPostProcessor - Devtools property defaults active! Set 'spring.devtools.add-properties' to 'false' to disable
2026-05-16 14:29:41 [INFO] [restartedMain] o.s.b.d.e.DevToolsPropertyDefaultsPostProcessor - For additional web related logging consider setting the 'logging.level.web' property to 'DEBUG'
2026-05-16 14:29:41 [INFO] [restartedMain] o.s.b.d.c.l.DockerComposeLifecycleManager - Using Docker Compose file E:\William\event\propayment\compose.yaml
2026-05-16 14:29:42 [INFO] [restartedMain] o.s.b.d.c.l.DockerComposeLifecycleManager - There are already Docker Compose services running, skipping startup
2026-05-16 14:29:43 [INFO] [restartedMain] o.s.d.r.c.RepositoryConfigurationDelegate - Bootstrapping Spring Data JPA repositories in DEFAULT mode.
2026-05-16 14:29:43 [INFO] [restartedMain] o.s.d.r.c.RepositoryConfigurationDelegate - Finished Spring Data repository scanning in 67 ms. Found 2 JPA repository interfaces.
2026-05-16 14:29:43 [INFO] [restartedMain] o.s.boot.tomcat.TomcatWebServer - Tomcat initialized with port 7021 (http)
2026-05-16 14:29:43 [INFO] [restartedMain] o.a.coyote.http11.Http11NioProtocol - Initializing ProtocolHandler ["http-nio-7021"]
2026-05-16 14:29:43 [INFO] [restartedMain] o.a.catalina.core.StandardService - Starting service [Tomcat]
2026-05-16 14:29:43 [INFO] [restartedMain] o.a.catalina.core.StandardEngine - Starting Servlet engine: [Apache Tomcat/11.0.21]
2026-05-16 14:29:43 [INFO] [restartedMain] o.s.b.w.c.s.WebApplicationContextInitializer - Root WebApplicationContext: initialization completed in 1621 ms
2026-05-16 14:29:44 [INFO] [restartedMain] org.hibernate.orm.jpa - HHH008540: Processing PersistenceUnitInfo [name: default]
2026-05-16 14:29:44 [INFO] [restartedMain] org.hibernate.orm.core - HHH000001: Hibernate ORM core version 7.2.12.Final
2026-05-16 14:29:44 [INFO] [restartedMain] o.s.o.j.p.SpringPersistenceUnitInfo - No LoadTimeWeaver setup: ignoring JPA class transformer
2026-05-16 14:29:44 [INFO] [restartedMain] com.zaxxer.hikari.HikariDataSource - HikariPool-1 - Starting...
2026-05-16 14:29:44 [INFO] [restartedMain] com.zaxxer.hikari.pool.HikariPool - HikariPool-1 - Added connection org.postgresql.jdbc.PgConnection@25327863
2026-05-16 14:29:44 [INFO] [restartedMain] com.zaxxer.hikari.HikariDataSource - HikariPool-1 - Start completed.
2026-05-16 14:29:44 [INFO] [restartedMain] o.hibernate.orm.connections.pooling - HHH10001005: Database info:
	Database JDBC URL [jdbc:postgresql://127.0.0.1:5251/payment_service_db?ApplicationName=propayment]
	Database driver: PostgreSQL JDBC Driver
	Database dialect: PostgreSQLDialect
	Database version: 16.13
	Default catalog/schema: payment_service_db/public
	Autocommit mode: undefined/unknown
	Isolation level: READ_COMMITTED [default READ_COMMITTED]
	JDBC fetch size: none
	Pool: DataSourceConnectionProvider
	Minimum pool size: undefined/unknown
	Maximum pool size: undefined/unknown
2026-05-16 14:29:45 [INFO] [restartedMain] org.hibernate.orm.core - HHH000489: No JTA platform available (set 'hibernate.transaction.jta.platform' to enable JTA platform integration)
2026-05-16 14:29:46 [INFO] [restartedMain] o.s.o.j.LocalContainerEntityManagerFactoryBean - Initialized JPA EntityManagerFactory for persistence unit 'default'
2026-05-16 14:29:46 [INFO] [restartedMain] o.s.d.j.r.q.QueryEnhancerFactories - Hibernate is in classpath; If applicable, HQL parser will be used.
2026-05-16 14:29:46 [WARN] [restartedMain] o.s.b.j.a.JpaBaseConfiguration$JpaWebConfiguration - spring.jpa.open-in-view is enabled by default. Therefore, database queries may be performed during view rendering. Explicitly configure spring.jpa.open-in-view to disable this warning
2026-05-16 14:29:47 [INFO] [restartedMain] o.a.coyote.http11.Http11NioProtocol - Starting ProtocolHandler ["http-nio-7021"]
2026-05-16 14:29:47 [INFO] [restartedMain] o.s.boot.tomcat.TomcatWebServer - Tomcat started on port 7021 (http) with context path '/payment/api'
2026-05-16 14:29:47 [INFO] [restartedMain] c.e.u.p.PropaymentApplication - Started PropaymentApplication in 7.075 seconds (process running for 7.657)
2026-05-16 14:31:02 [INFO] [http-nio-7021-exec-2] o.a.c.c.C.[.[.[/payment/api] - Initializing Spring DispatcherServlet 'dispatcherServlet'
2026-05-16 14:31:02 [INFO] [http-nio-7021-exec-2] o.s.web.servlet.DispatcherServlet - Initializing Servlet 'dispatcherServlet'
2026-05-16 14:31:02 [INFO] [http-nio-7021-exec-2] o.s.web.servlet.DispatcherServlet - Completed initialization in 1 ms
2026-05-16 14:31:09 [WARN] [http-nio-7021-exec-3] org.hibernate.orm.jdbc.error - HHH000247: ErrorCode: 0, SQLState: 23505
2026-05-16 14:31:09 [WARN] [http-nio-7021-exec-3] org.hibernate.orm.jdbc.error - ERROR: duplicate key value violates unique constraint "companies_company_name_key"
  Detail: Key (company_name)=(Compañia pingola) already exists.
2026-05-16 14:31:09 [ERROR] [http-nio-7021-exec-3] o.a.c.c.C.[.[.[.[dispatcherServlet] - Servlet.service() for servlet [dispatcherServlet] in context with path [/payment/api] threw exception [Request processing failed: org.springframework.dao.DataIntegrityViolationException: could not execute statement [ERROR: duplicate key value violates unique constraint "companies_company_name_key"
  Detail: Key (company_name)=(Compañia pingola) already exists.] [insert into companies (api_key,company_name) values (?,?)]; SQL [insert into companies (api_key,company_name) values (?,?)]; constraint [companies_company_name_key]] with root cause
org.postgresql.util.PSQLException: ERROR: duplicate key value violates unique constraint "companies_company_name_key"
  Detail: Key (company_name)=(Compañia pingola) already exists.
	at org.postgresql.core.v3.QueryExecutorImpl.receiveErrorResponse(QueryExecutorImpl.java:2875)
	at org.postgresql.core.v3.QueryExecutorImpl.processResults(QueryExecutorImpl.java:2560)
	at org.postgresql.core.v3.QueryExecutorImpl.execute(QueryExecutorImpl.java:429)
	at org.postgresql.jdbc.PgStatement.executeInternal(PgStatement.java:526)
	at org.postgresql.jdbc.PgStatement.execute(PgStatement.java:436)
	at org.postgresql.jdbc.PgPreparedStatement.executeWithFlags(PgPreparedStatement.java:196)
	at org.postgresql.jdbc.PgPreparedStatement.executeUpdate(PgPreparedStatement.java:157)
	at com.zaxxer.hikari.pool.ProxyPreparedStatement.executeUpdate(ProxyPreparedStatement.java:61)
	at com.zaxxer.hikari.pool.HikariProxyPreparedStatement.executeUpdate(HikariProxyPreparedStatement.java)
	at org.hibernate.engine.jdbc.internal.ResultSetReturnImpl.executeUpdate(ResultSetReturnImpl.java:181)
	at org.hibernate.id.insert.GetGeneratedKeysDelegate.performMutation(GetGeneratedKeysDelegate.java:103)
	at org.hibernate.engine.jdbc.mutation.internal.MutationExecutorSingleNonBatched.performNonBatchedOperations(MutationExecutorSingleNonBatched.java:45)
	at org.hibernate.engine.jdbc.mutation.internal.AbstractMutationExecutor.execute(AbstractMutationExecutor.java:66)
	at org.hibernate.engine.jdbc.mutation.internal.AbstractMutationExecutor.execute(AbstractMutationExecutor.java:55)
	at org.hibernate.persister.entity.mutation.InsertCoordinatorStandard.doStaticInserts(InsertCoordinatorStandard.java:180)
	at org.hibernate.persister.entity.mutation.InsertCoordinatorStandard.coordinateInsert(InsertCoordinatorStandard.java:120)
	at org.hibernate.persister.entity.mutation.InsertCoordinatorStandard.insert(InsertCoordinatorStandard.java:84)
	at org.hibernate.action.internal.EntityIdentityInsertAction.execute(EntityIdentityInsertAction.java:85)
	at org.hibernate.engine.spi.ActionQueue.execute(ActionQueue.java:667)
	at org.hibernate.engine.spi.ActionQueue.addResolvedEntityInsertAction(ActionQueue.java:291)
	at org.hibernate.engine.spi.ActionQueue.addInsertAction(ActionQueue.java:270)
	at org.hibernate.engine.spi.ActionQueue.addAction(ActionQueue.java:322)
	at org.hibernate.event.internal.AbstractSaveEventListener.addInsertAction(AbstractSaveEventListener.java:371)
	at org.hibernate.event.internal.AbstractSaveEventListener.performSaveOrReplicate(AbstractSaveEventListener.java:285)
	at org.hibernate.event.internal.AbstractSaveEventListener.performSave(AbstractSaveEventListener.java:215)
	at org.hibernate.event.internal.AbstractSaveEventListener.saveWithGeneratedId(AbstractSaveEventListener.java:133)
	at org.hibernate.event.internal.DefaultPersistEventListener.entityIsTransient(DefaultPersistEventListener.java:144)
	at org.hibernate.event.internal.DefaultPersistEventListener.persist(DefaultPersistEventListener.java:90)
	at org.hibernate.event.internal.DefaultPersistEventListener.onPersist(DefaultPersistEventListener.java:74)
	at org.hibernate.event.internal.DefaultPersistEventListener.onPersist(DefaultPersistEventListener.java:50)
	at org.hibernate.event.service.internal.EventListenerGroupImpl.fireEventOnEachListener(EventListenerGroupImpl.java:138)
	at org.hibernate.internal.SessionImpl.firePersist(SessionImpl.java:692)
	at org.hibernate.internal.SessionImpl.persist(SessionImpl.java:675)
	at java.base/jdk.internal.reflect.DirectMethodHandleAccessor.invoke(DirectMethodHandleAccessor.java:104)
	at java.base/java.lang.reflect.Method.invoke(Method.java:565)
	at org.springframework.orm.jpa.ExtendedEntityManagerCreator$ExtendedEntityManagerInvocationHandler.invoke(ExtendedEntityManagerCreator.java:362)
	at jdk.proxy4/jdk.proxy4.$Proxy128.persist(Unknown Source)
	at java.base/jdk.internal.reflect.DirectMethodHandleAccessor.invoke(DirectMethodHandleAccessor.java:104)
	at java.base/java.lang.reflect.Method.invoke(Method.java:565)
	at org.springframework.orm.jpa.SharedEntityManagerCreator$SharedEntityHandlerInvocationHandler.invokeMethod(SharedEntityManagerCreator.java:240)
	at org.springframework.orm.jpa.SharedEntityManagerCreator$SharedEntityManagerInvocationHandler.invoke(SharedEntityManagerCreator.java:386)
	at jdk.proxy4/jdk.proxy4.$Proxy128.persist(Unknown Source)
	at org.springframework.data.jpa.repository.support.SimpleJpaRepository.save(SimpleJpaRepository.java:664)
	at java.base/jdk.internal.reflect.DirectMethodHandleAccessor.invoke(DirectMethodHandleAccessor.java:104)
	at java.base/java.lang.reflect.Method.invoke(Method.java:565)
	at org.springframework.aop.support.AopUtils.invokeJoinpointUsingReflection(AopUtils.java:359)
	at org.springframework.data.repository.core.support.RepositoryMethodInvoker$RepositoryFragmentMethodInvoker.lambda$new$0(RepositoryMethodInvoker.java:278)
	at org.springframework.data.repository.core.support.RepositoryMethodInvoker.doInvoke(RepositoryMethodInvoker.java:169)
	at org.springframework.data.repository.core.support.RepositoryMethodInvoker.invoke(RepositoryMethodInvoker.java:158)
	at org.springframework.data.repository.core.support.RepositoryComposition$RepositoryFragments.invoke(RepositoryComposition.java:545)
	at org.springframework.data.repository.core.support.RepositoryComposition.invoke(RepositoryComposition.java:290)
	at org.springframework.data.repository.core.support.RepositoryFactorySupport$ImplementationMethodExecutionInterceptor.invoke(RepositoryFactorySupport.java:690)
	at org.springframework.aop.framework.ReflectiveMethodInvocation.proceed(ReflectiveMethodInvocation.java:179)
	at org.springframework.data.repository.core.support.QueryExecutorMethodInterceptor.doInvoke(QueryExecutorMethodInterceptor.java:171)
	at org.springframework.data.repository.core.support.QueryExecutorMethodInterceptor.invoke(QueryExecutorMethodInterceptor.java:146)
	at org.springframework.aop.framework.ReflectiveMethodInvocation.proceed(ReflectiveMethodInvocation.java:179)
	at org.springframework.data.projection.DefaultMethodInvokingMethodInterceptor.invoke(DefaultMethodInvokingMethodInterceptor.java:69)
	at org.springframework.aop.framework.ReflectiveMethodInvocation.proceed(ReflectiveMethodInvocation.java:179)
	at org.springframework.transaction.interceptor.TransactionInterceptor$1.proceedWithInvocation(TransactionInterceptor.java:133)
	at org.springframework.transaction.interceptor.TransactionAspectSupport.invokeWithinTransaction(TransactionAspectSupport.java:371)
	at org.springframework.transaction.interceptor.TransactionInterceptor.invoke(TransactionInterceptor.java:130)
	at org.springframework.aop.framework.ReflectiveMethodInvocation.proceed(ReflectiveMethodInvocation.java:179)
	at org.springframework.dao.support.PersistenceExceptionTranslationInterceptor.invoke(PersistenceExceptionTranslationInterceptor.java:135)
	at org.springframework.aop.framework.ReflectiveMethodInvocation.proceed(ReflectiveMethodInvocation.java:179)
	at org.springframework.data.jpa.repository.support.CrudMethodMetadataPostProcessor$CrudMethodMetadataPopulatingMethodInterceptor.invoke(CrudMethodMetadataPostProcessor.java:166)
	at org.springframework.aop.framework.ReflectiveMethodInvocation.proceed(ReflectiveMethodInvocation.java:179)
	at org.springframework.aop.framework.JdkDynamicAopProxy.invoke(JdkDynamicAopProxy.java:222)
	at jdk.proxy4/jdk.proxy4.$Proxy132.save(Unknown Source)
	at co.edu.uptc.propayment.domain.service.CompanyService.save(CompanyService.java:18)
	at co.edu.uptc.propayment.web.controller.CompanyController.save(CompanyController.java:21)
	at java.base/jdk.internal.reflect.DirectMethodHandleAccessor.invoke(DirectMethodHandleAccessor.java:104)
	at java.base/java.lang.reflect.Method.invoke(Method.java:565)
	at org.springframework.web.method.support.InvocableHandlerMethod.doInvoke(InvocableHandlerMethod.java:252)
	at org.springframework.web.method.support.InvocableHandlerMethod.invokeForRequest(InvocableHandlerMethod.java:184)
	at org.springframework.web.servlet.mvc.method.annotation.ServletInvocableHandlerMethod.invokeAndHandle(ServletInvocableHandlerMethod.java:117)
	at org.springframework.web.servlet.mvc.method.annotation.RequestMappingHandlerAdapter.invokeHandlerMethod(RequestMappingHandlerAdapter.java:934)
	at org.springframework.web.servlet.mvc.method.annotation.RequestMappingHandlerAdapter.handleInternal(RequestMappingHandlerAdapter.java:853)
	at org.springframework.web.servlet.mvc.method.AbstractHandlerMethodAdapter.handle(AbstractHandlerMethodAdapter.java:86)
	at org.springframework.web.servlet.DispatcherServlet.doDispatch(DispatcherServlet.java:963)
	at org.springframework.web.servlet.DispatcherServlet.doService(DispatcherServlet.java:866)
	at org.springframework.web.servlet.FrameworkServlet.processRequest(FrameworkServlet.java:1000)
	at org.springframework.web.servlet.FrameworkServlet.doPost(FrameworkServlet.java:903)
	at jakarta.servlet.http.HttpServlet.service(HttpServlet.java:649)
	at org.springframework.web.servlet.FrameworkServlet.service(FrameworkServlet.java:874)
	at jakarta.servlet.http.HttpServlet.service(HttpServlet.java:710)
	at org.apache.catalina.core.ApplicationFilterChain.doFilter(ApplicationFilterChain.java:128)
	at org.apache.tomcat.websocket.server.WsFilter.doFilter(WsFilter.java:53)
	at org.apache.catalina.core.ApplicationFilterChain.doFilter(ApplicationFilterChain.java:107)
	at org.springframework.web.filter.RequestContextFilter.doFilterInternal(RequestContextFilter.java:100)
	at org.springframework.web.filter.OncePerRequestFilter.doFilter(OncePerRequestFilter.java:116)
	at org.apache.catalina.core.ApplicationFilterChain.doFilter(ApplicationFilterChain.java:107)
	at org.springframework.web.filter.FormContentFilter.doFilterInternal(FormContentFilter.java:93)
	at org.springframework.web.filter.OncePerRequestFilter.doFilter(OncePerRequestFilter.java:116)
	at org.apache.catalina.core.ApplicationFilterChain.doFilter(ApplicationFilterChain.java:107)
	at org.springframework.web.filter.CharacterEncodingFilter.doFilterInternal(CharacterEncodingFilter.java:199)
	at org.springframework.web.filter.OncePerRequestFilter.doFilter(OncePerRequestFilter.java:116)
	at org.apache.catalina.core.ApplicationFilterChain.doFilter(ApplicationFilterChain.java:107)
	at org.apache.catalina.core.StandardWrapperValve.invoke(StandardWrapperValve.java:165)
	at org.apache.catalina.core.StandardContextValve.invoke(StandardContextValve.java:77)
	at org.apache.catalina.authenticator.AuthenticatorBase.invoke(AuthenticatorBase.java:492)
	at org.apache.catalina.core.StandardHostValve.invoke(StandardHostValve.java:113)
	at org.apache.catalina.valves.ErrorReportValve.invoke(ErrorReportValve.java:83)
	at org.apache.catalina.core.StandardEngineValve.invoke(StandardEngineValve.java:72)
	at org.apache.catalina.connector.CoyoteAdapter.service(CoyoteAdapter.java:341)
	at org.apache.coyote.http11.Http11Processor.service(Http11Processor.java:397)
	at org.apache.coyote.AbstractProcessorLight.process(AbstractProcessorLight.java:63)
	at org.apache.coyote.AbstractProtocol$ConnectionHandler.process(AbstractProtocol.java:903)
	at org.apache.tomcat.util.net.NioEndpoint$SocketProcessor.doRun(NioEndpoint.java:1801)
	at org.apache.tomcat.util.net.SocketProcessorBase.run(SocketProcessorBase.java:52)
	at org.apache.tomcat.util.threads.ThreadPoolExecutor.runWorker(ThreadPoolExecutor.java:946)
	at org.apache.tomcat.util.threads.ThreadPoolExecutor$Worker.run(ThreadPoolExecutor.java:480)
	at org.apache.tomcat.util.threads.TaskThread$WrappingRunnable.run(TaskThread.java:57)
	at java.base/java.lang.Thread.run(Thread.java:1447)
2026-05-16 14:32:08 [INFO] [http-nio-7021-exec-7] c.e.u.p.d.service.PaymentService - === Inicio de solicitud de pago ===
2026-05-16 14:32:08 [INFO] [http-nio-7021-exec-7] c.e.u.p.d.service.PaymentService - Buscando empresa para API key...
2026-05-16 14:32:08 [INFO] [http-nio-7021-exec-7] c.e.u.p.d.service.PaymentService - Empresa identificada: Compañia pingola 3
2026-05-16 14:32:08 [INFO] [http-nio-7021-exec-7] c.e.u.p.d.service.PaymentService - Pago registrado con ID: 1 — estado inicial: PENDING
2026-05-16 14:32:08 [INFO] [http-nio-7021-exec-7] c.e.u.p.d.service.PaymentService - Envío de pago a autorización externa
2026-05-16 14:32:08 [INFO] [http-nio-7021-exec-7] c.e.u.p.d.service.PaymentService - Pago ID: 1 — resultado final: APPROVED
2026-05-16 14:32:08 [INFO] [http-nio-7021-exec-7] c.e.u.p.d.service.PaymentService - === Fin de solicitud de pago ===
2026-05-16 14:32:10 [INFO] [http-nio-7021-exec-6] c.e.u.p.d.service.PaymentService - === Inicio de solicitud de pago ===
2026-05-16 14:32:10 [INFO] [http-nio-7021-exec-6] c.e.u.p.d.service.PaymentService - Buscando empresa para API key...
2026-05-16 14:32:10 [INFO] [http-nio-7021-exec-6] c.e.u.p.d.service.PaymentService - Empresa identificada: Compañia pingola 3
2026-05-16 14:32:10 [INFO] [http-nio-7021-exec-6] c.e.u.p.d.service.PaymentService - Pago registrado con ID: 2 — estado inicial: PENDING
2026-05-16 14:32:10 [INFO] [http-nio-7021-exec-6] c.e.u.p.d.service.PaymentService - Envío de pago a autorización externa
2026-05-16 14:32:10 [INFO] [http-nio-7021-exec-6] c.e.u.p.d.service.PaymentService - Pago ID: 2 — resultado final: APPROVED
2026-05-16 14:32:10 [INFO] [http-nio-7021-exec-6] c.e.u.p.d.service.PaymentService - === Fin de solicitud de pago ===
2026-05-16 14:32:14 [INFO] [http-nio-7021-exec-8] c.e.u.p.d.service.PaymentService - === Inicio de solicitud de pago ===
2026-05-16 14:32:14 [INFO] [http-nio-7021-exec-8] c.e.u.p.d.service.PaymentService - Buscando empresa para API key...
2026-05-16 14:32:14 [INFO] [http-nio-7021-exec-8] c.e.u.p.d.service.PaymentService - Empresa identificada: Compañia pingola 3
2026-05-16 14:32:14 [INFO] [http-nio-7021-exec-8] c.e.u.p.d.service.PaymentService - Pago registrado con ID: 3 — estado inicial: PENDING
2026-05-16 14:32:14 [INFO] [http-nio-7021-exec-8] c.e.u.p.d.service.PaymentService - Envío de pago a autorización externa
2026-05-16 14:32:14 [INFO] [http-nio-7021-exec-8] c.e.u.p.d.service.PaymentService - Pago ID: 3 — resultado final: REJECTED
2026-05-16 14:32:14 [INFO] [http-nio-7021-exec-8] c.e.u.p.d.service.PaymentService - === Fin de solicitud de pago ===
2026-05-16 14:32:15 [INFO] [http-nio-7021-exec-9] c.e.u.p.d.service.PaymentService - === Inicio de solicitud de pago ===
2026-05-16 14:32:15 [INFO] [http-nio-7021-exec-9] c.e.u.p.d.service.PaymentService - Buscando empresa para API key...
2026-05-16 14:32:15 [INFO] [http-nio-7021-exec-9] c.e.u.p.d.service.PaymentService - Empresa identificada: Compañia pingola 3
2026-05-16 14:32:15 [INFO] [http-nio-7021-exec-9] c.e.u.p.d.service.PaymentService - Pago registrado con ID: 4 — estado inicial: PENDING
2026-05-16 14:32:15 [INFO] [http-nio-7021-exec-9] c.e.u.p.d.service.PaymentService - Envío de pago a autorización externa
2026-05-16 14:32:15 [INFO] [http-nio-7021-exec-9] c.e.u.p.d.service.PaymentService - Pago ID: 4 — resultado final: REJECTED
2026-05-16 14:32:15 [INFO] [http-nio-7021-exec-9] c.e.u.p.d.service.PaymentService - === Fin de solicitud de pago ===
2026-05-16 14:32:22 [INFO] [http-nio-7021-exec-10] c.e.u.p.d.service.PaymentService - Transferidos 2 pagos a empresa 'Compañia pingola 3'
2026-05-16 14:32:27 [INFO] [http-nio-7021-exec-1] c.e.u.p.d.service.PaymentService - === Inicio de solicitud de pago ===
2026-05-16 14:32:27 [INFO] [http-nio-7021-exec-1] c.e.u.p.d.service.PaymentService - Buscando empresa para API key...
2026-05-16 14:32:27 [INFO] [http-nio-7021-exec-1] c.e.u.p.d.service.PaymentService - Empresa identificada: Compañia pingola 3
2026-05-16 14:32:27 [INFO] [http-nio-7021-exec-1] c.e.u.p.d.service.PaymentService - Pago registrado con ID: 5 — estado inicial: PENDING
2026-05-16 14:32:27 [INFO] [http-nio-7021-exec-1] c.e.u.p.d.service.PaymentService - Envío de pago a autorización externa
2026-05-16 14:32:27 [INFO] [http-nio-7021-exec-1] c.e.u.p.d.service.PaymentService - Pago ID: 5 — resultado final: APPROVED
2026-05-16 14:32:27 [INFO] [http-nio-7021-exec-1] c.e.u.p.d.service.PaymentService - === Fin de solicitud de pago ===
2026-05-16 14:32:28 [INFO] [http-nio-7021-exec-2] c.e.u.p.d.service.PaymentService - === Inicio de solicitud de pago ===
2026-05-16 14:32:28 [INFO] [http-nio-7021-exec-2] c.e.u.p.d.service.PaymentService - Buscando empresa para API key...
2026-05-16 14:32:28 [INFO] [http-nio-7021-exec-2] c.e.u.p.d.service.PaymentService - Empresa identificada: Compañia pingola 3
2026-05-16 14:32:28 [INFO] [http-nio-7021-exec-2] c.e.u.p.d.service.PaymentService - Pago registrado con ID: 6 — estado inicial: PENDING
2026-05-16 14:32:28 [INFO] [http-nio-7021-exec-2] c.e.u.p.d.service.PaymentService - Envío de pago a autorización externa
2026-05-16 14:32:28 [INFO] [http-nio-7021-exec-2] c.e.u.p.d.service.PaymentService - Pago ID: 6 — resultado final: APPROVED
2026-05-16 14:32:28 [INFO] [http-nio-7021-exec-2] c.e.u.p.d.service.PaymentService - === Fin de solicitud de pago ===
2026-05-16 14:32:31 [INFO] [http-nio-7021-exec-3] c.e.u.p.d.service.PaymentService - === Inicio de solicitud de pago ===
2026-05-16 14:32:31 [ERROR] [http-nio-7021-exec-3] c.e.u.p.d.service.PaymentService - userEmail con formato inválido: demoxvisa.com
2026-05-16 14:32:31 [ERROR] [http-nio-7021-exec-3] c.e.u.p.w.c.GlobalExceptionHandler - Transacción inválida: required field is blank or null: userEmail — formato inválido
2026-05-16 14:32:31 [WARN] [http-nio-7021-exec-3] o.s.w.s.m.m.a.ExceptionHandlerExceptionResolver - Resolved [co.edu.uptc.propayment.exceptions.InvalidTransactionException: required field is blank or null: userEmail — formato inválido]
2026-05-16 14:32:40 [INFO] [http-nio-7021-exec-5] c.e.u.p.d.service.PaymentService - === Inicio de solicitud de pago ===
2026-05-16 14:32:40 [INFO] [http-nio-7021-exec-5] c.e.u.p.d.service.PaymentService - Buscando empresa para API key...
2026-05-16 14:32:40 [INFO] [http-nio-7021-exec-5] c.e.u.p.d.service.PaymentService - Empresa identificada: Compañia pingola 3
2026-05-16 14:32:40 [INFO] [http-nio-7021-exec-5] c.e.u.p.d.service.PaymentService - Pago registrado con ID: 7 — estado inicial: PENDING
2026-05-16 14:32:40 [INFO] [http-nio-7021-exec-5] c.e.u.p.d.service.PaymentService - Envío de pago a autorización externa
2026-05-16 14:32:40 [INFO] [http-nio-7021-exec-5] c.e.u.p.d.service.PaymentService - Pago ID: 7 — resultado final: REJECTED
2026-05-16 14:32:40 [INFO] [http-nio-7021-exec-5] c.e.u.p.d.service.PaymentService - === Fin de solicitud de pago ===
2026-05-16 14:32:46 [INFO] [http-nio-7021-exec-7] c.e.u.p.d.service.PaymentService - Reporte 1 — empresa 'Compañia pingola 3': 2 pagos aprobados y transferidos
2026-05-16 14:33:03 [INFO] [http-nio-7021-exec-6] c.e.u.p.d.service.PaymentService - Reporte 2 — empresa 'Compañia pingola 3': 2 pagos aprobados sin transferir
2026-05-16 14:33:12 [INFO] [http-nio-7021-exec-8] c.e.u.p.d.service.PaymentService - Reporte 3 — empresa 'Compañia pingola 3': 3 pagos no aprobados sin transferir
2026-05-16 14:33:29 [INFO] [http-nio-7021-exec-9] c.e.u.p.d.service.PaymentService - === Inicio de solicitud de pago ===
2026-05-16 14:33:29 [INFO] [http-nio-7021-exec-9] c.e.u.p.d.service.PaymentService - Buscando empresa para API key...
2026-05-16 14:33:29 [INFO] [http-nio-7021-exec-9] c.e.u.p.d.service.PaymentService - Empresa identificada: Compañia pingola 3
2026-05-16 14:33:29 [INFO] [http-nio-7021-exec-9] c.e.u.p.d.service.PaymentService - Pago registrado con ID: 8 — estado inicial: PENDING
2026-05-16 14:33:29 [INFO] [http-nio-7021-exec-9] c.e.u.p.d.service.PaymentService - Envío de pago a autorización externa
2026-05-16 14:33:29 [INFO] [http-nio-7021-exec-9] c.e.u.p.d.service.PaymentService - Pago ID: 8 — resultado final: REJECTED
2026-05-16 14:33:29 [INFO] [http-nio-7021-exec-9] c.e.u.p.d.service.PaymentService - === Fin de solicitud de pago ===
2026-05-16 14:33:31 [INFO] [http-nio-7021-exec-10] c.e.u.p.d.service.PaymentService - === Inicio de solicitud de pago ===
2026-05-16 14:33:31 [INFO] [http-nio-7021-exec-10] c.e.u.p.d.service.PaymentService - Buscando empresa para API key...
2026-05-16 14:33:31 [INFO] [http-nio-7021-exec-10] c.e.u.p.d.service.PaymentService - Empresa identificada: Compañia pingola 3
2026-05-16 14:33:31 [INFO] [http-nio-7021-exec-10] c.e.u.p.d.service.PaymentService - Pago registrado con ID: 9 — estado inicial: PENDING
2026-05-16 14:33:31 [INFO] [http-nio-7021-exec-10] c.e.u.p.d.service.PaymentService - Envío de pago a autorización externa
2026-05-16 14:33:31 [INFO] [http-nio-7021-exec-10] c.e.u.p.d.service.PaymentService - Pago ID: 9 — resultado final: REJECTED
2026-05-16 14:33:31 [INFO] [http-nio-7021-exec-10] c.e.u.p.d.service.PaymentService - === Fin de solicitud de pago ===
2026-05-16 14:33:35 [INFO] [http-nio-7021-exec-1] c.e.u.p.d.service.PaymentService - Reporte 2 — empresa 'Compañia pingola 3': 2 pagos aprobados sin transferir
2026-05-16 14:33:42 [INFO] [http-nio-7021-exec-2] c.e.u.p.d.service.PaymentService - Reporte 3 — empresa 'Compañia pingola 3': 5 pagos no aprobados sin transferir
